SF:lib/src/presentation/view/mixins/list_type_view.dart
DA:8,1
DA:9,2
DA:12,0
DA:13,0
DA:14,0
DA:16,0
DA:20,1
DA:21,2
LF:8
LH:4
end_of_record
SF:lib/src/presentation/view/pages/app_business/pages/dashboard/controller/dashboard_controller.dart
DA:26,1
DA:27,1
DA:35,4
DA:36,2
DA:43,1
DA:44,1
DA:52,4
DA:53,1
DA:55,1
DA:63,1
DA:64,1
DA:72,4
DA:73,2
DA:81,1
DA:83,2
DA:84,1
DA:86,2
DA:87,2
DA:88,2
DA:89,2
DA:90,2
DA:94,1
DA:95,2
DA:96,1
DA:97,2
DA:98,1
DA:99,2
DA:100,1
DA:101,2
DA:102,1
DA:103,2
DA:104,1
DA:105,4
DA:106,2
DA:114,1
DA:115,6
DA:118,3
DA:127,1
DA:128,1
DA:129,2
DA:130,2
DA:131,2
DA:132,2
DA:133,2
DA:137,1
DA:138,3
DA:139,3
DA:143,1
DA:144,4
DA:145,2
DA:150,1
DA:153,3
DA:154,0
DA:155,0
DA:157,0
DA:160,2
DA:161,2
DA:162,2
DA:166,0
DA:172,1
DA:177,1
DA:178,2
DA:180,2
DA:181,2
DA:182,2
DA:183,2
DA:184,2
DA:187,0
DA:190,0
DA:191,0
DA:193,0
DA:196,0
DA:197,0
DA:201,0
DA:202,0
LF:75
LH:63
end_of_record
SF:lib/src/domain/entities/education_system.dart
DA:8,0
DA:9,0
DA:11,0
DA:22,1
DA:32,0
DA:33,0
DA:34,0
DA:35,0
DA:36,0
DA:37,0
DA:38,0
DA:40,0
DA:43,0
DA:44,0
DA:45,0
DA:46,0
DA:48,0
DA:49,0
DA:50,0
DA:51,0
DA:54,1
DA:58,3
DA:61,0
DA:63,0
DA:64,0
DA:65,0
DA:66,0
DA:67,0
DA:68,0
DA:69,0
LF:30
LH:3
end_of_record
SF:lib/src/domain/entities/classroom_grade_selection.dart
DA:10,0
DA:12,0
DA:25,1
DA:37,0
DA:38,0
DA:39,0
DA:40,0
DA:41,0
DA:42,0
DA:43,0
DA:44,0
DA:45,0
DA:46,0
DA:49,0
DA:50,0
DA:51,0
DA:52,0
DA:53,0
DA:54,0
DA:55,0
DA:56,0
DA:57,0
DA:58,0
DA:61,1
DA:66,0
DA:67,0
DA:68,0
DA:69,0
DA:70,0
DA:71,0
DA:72,0
DA:73,0
DA:74,0
DA:77,0
DA:79,0
DA:80,0
DA:81,0
DA:82,0
DA:83,0
DA:84,0
DA:85,0
DA:86,0
DA:87,0
LF:43
LH:2
end_of_record
SF:lib/src/domain/entities/academic_term_selection.dart
DA:8,0
DA:10,0
DA:25,1
DA:39,0
DA:40,0
DA:41,0
DA:42,0
DA:43,0
DA:44,0
DA:45,0
DA:46,0
DA:47,0
DA:48,0
DA:49,0
DA:50,0
DA:53,0
DA:54,0
DA:55,0
DA:56,0
DA:57,0
DA:58,0
DA:59,0
DA:60,0
DA:61,0
DA:62,0
DA:63,0
DA:64,0
DA:67,1
DA:72,0
DA:73,0
DA:74,0
DA:75,0
DA:76,0
DA:77,0
DA:78,0
DA:79,0
DA:80,0
DA:81,0
DA:82,0
DA:85,0
DA:87,0
DA:88,0
DA:89,0
DA:90,0
DA:91,0
DA:92,0
DA:93,0
DA:94,0
DA:95,0
DA:96,0
DA:97,0
LF:51
LH:2
end_of_record
SF:lib/src/domain/entities/educational_track_selection.dart
DA:8,0
DA:10,0
DA:22,1
DA:33,0
DA:34,0
DA:35,0
DA:36,0
DA:37,0
DA:38,0
DA:39,0
DA:40,0
DA:41,0
DA:44,0
DA:45,0
DA:46,0
DA:47,0
DA:48,0
DA:49,0
DA:50,0
DA:51,0
DA:52,0
DA:55,1
DA:60,0
DA:61,0
DA:62,0
DA:63,0
DA:64,0
DA:65,0
DA:66,0
DA:67,0
DA:70,0
DA:72,0
DA:73,0
DA:74,0
DA:75,0
DA:76,0
DA:77,0
DA:78,0
DA:79,0
LF:39
LH:2
end_of_record
SF:lib/src/core/config/environment/environment_config.dart
DA:23,0
DA:27,0
DA:28,0
DA:29,0
DA:30,0
DA:32,0
DA:38,0
DA:41,0
DA:44,0
DA:47,0
DA:50,0
DA:53,0
DA:56,0
DA:59,0
DA:62,0
DA:65,0
DA:68,0
DA:71,0
DA:74,0
DA:79,0
DA:82,0
DA:85,0
DA:88,0
DA:91,0
DA:94,0
DA:97,0
DA:100,0
DA:103,0
DA:106,0
DA:109,0
DA:112,0
DA:115,0
LF:32
LH:0
end_of_record
SF:lib/src/core/config/injector.dart
DA:28,0
DA:30,0
DA:31,0
DA:42,0
DA:43,0
DA:45,0
DA:46,0
DA:49,0
DA:50,0
DA:53,0
DA:54,0
DA:56,0
DA:58,0
DA:60,0
DA:61,0
DA:62,0
DA:64,0
DA:65,0
DA:70,0
DA:71,0
DA:74,0
DA:75,0
DA:78,0
DA:80,0
DA:81,0
DA:83,0
DA:84,0
DA:86,0
DA:87,0
LF:29
LH:0
end_of_record
SF:lib/src/data/data_sources/remote/dio_api_service.dart
DA:14,0
DA:16,0
DA:23,0
DA:24,0
DA:29,0
DA:30,0
DA:31,0
DA:32,0
DA:33,0
DA:34,0
DA:38,0
DA:42,0
DA:45,0
DA:47,0
DA:49,0
DA:50,0
DA:51,0
DA:52,0
DA:53,0
DA:55,0
DA:59,0
DA:60,0
DA:63,0
DA:64,0
DA:67,0
DA:72,0
DA:76,0
DA:77,0
DA:78,0
DA:79,0
DA:80,0
DA:82,0
DA:86,0
DA:87,0
DA:90,0
DA:91,0
DA:93,0
DA:98,0
DA:102,0
DA:103,0
DA:104,0
DA:105,0
DA:106,0
DA:108,0
DA:112,0
DA:113,0
DA:116,0
DA:117,0
DA:118,0
DA:124,0
DA:129,0
DA:132,0
DA:134,0
DA:135,0
DA:136,0
DA:137,0
DA:138,0
DA:139,0
DA:141,0
DA:145,0
DA:146,0
DA:150,0
DA:151,0
DA:154,0
DA:155,0
DA:158,0
DA:163,0
DA:164,0
DA:165,0
DA:166,0
DA:167,0
DA:169,0
DA:173,0
DA:174,0
DA:175,0
DA:178,0
DA:179,0
DA:182,0
DA:183,0
DA:184,0
DA:190,0
DA:191,0
DA:193,0
DA:194,0
DA:195,0
DA:197,0
DA:198,0
DA:202,0
DA:203,0
DA:204,0
DA:205,0
DA:206,0
DA:213,0
DA:214,0
DA:215,0
DA:224,0
DA:225,0
DA:227,0
DA:228,0
DA:229,0
DA:230,0
DA:231,0
DA:232,0
DA:233,0
DA:234,0
DA:235,0
DA:239,0
DA:240,0
DA:241,0
DA:242,0
DA:243,0
DA:246,0
DA:250,0
DA:251,0
LF:114
LH:0
end_of_record
SF:lib/src/data/repositories/remote_app_repository_imp.dart
DA:19,0
DA:55,0
DA:62,0
DA:63,0
DA:66,0
DA:68,0
DA:69,0
DA:72,0
DA:74,0
DA:78,0
DA:85,0
DA:86,0
DA:91,0
DA:92,0
DA:95,0
DA:97,0
LF:16
LH:0
end_of_record
SF:lib/src/presentation/view_model/blocs/assistance/bloc_progress_helper.dart
DA:14,0
DA:15,0
DA:16,0
DA:19,0
DA:20,0
DA:22,0
DA:25,0
DA:26,0
DA:28,0
DA:30,0
DA:32,0
DA:34,0
DA:40,0
DA:41,0
DA:42,0
DA:43,0
DA:46,0
DA:47,0
DA:48,0
DA:49,0
DA:55,0
DA:57,0
DA:58,0
DA:60,0
DA:61,0
DA:66,0
DA:67,0
DA:68,0
LF:28
LH:0
end_of_record
SF:lib/src/presentation/view_model/blocs/assistance/my_bloc_observer.dart
DA:8,0
DA:10,0
DA:11,0
DA:14,0
DA:16,0
DA:17,0
DA:18,0
DA:19,0
DA:20,0
DA:23,0
DA:25,0
DA:26,0
DA:27,0
DA:28,0
DA:31,0
DA:33,0
DA:34,0
LF:17
LH:0
end_of_record
SF:lib/src/presentation/view_model/blocs/assistance/unauthorized_notifier.dart
DA:18,0
DA:20,0
DA:21,0
DA:22,0
DA:23,0
DA:24,0
DA:25,0
DA:27,0
DA:29,0
DA:30,0
DA:32,0
LF:11
LH:0
end_of_record
SF:lib/src/core/services/device_info_service.dart
DA:16,0
DA:21,0
DA:23,0
DA:24,0
DA:25,0
DA:27,0
DA:28,0
DA:29,0
DA:30,0
DA:33,0
DA:34,0
DA:35,0
DA:36,0
DA:37,0
DA:42,0
DA:45,0
DA:46,0
DA:47,0
DA:48,0
DA:51,0
DA:52,0
DA:53,0
DA:63,0
DA:64,0
DA:67,0
DA:68,0
DA:70,0
DA:71,0
DA:73,0
DA:75,0
DA:76,0
DA:77,0
DA:78,0
DA:79,0
DA:83,0
DA:89,0
DA:90,0
DA:91,0
DA:96,0
DA:97,0
DA:98,0
DA:99,0
DA:100,0
LF:43
LH:0
end_of_record
SF:lib/src/core/services/dio_service.dart
DA:21,0
DA:23,0
DA:26,0
DA:28,0
DA:30,0
DA:31,0
DA:32,0
DA:33,0
DA:34,0
DA:43,0
DA:44,0
DA:49,0
DA:52,0
DA:56,0
DA:60,0
DA:61,0
DA:62,0
DA:70,0
DA:78,0
DA:81,0
DA:82,0
DA:83,0
DA:84,0
DA:85,0
DA:86,0
LF:25
LH:0
end_of_record
SF:lib/src/core/services/setting_service.dart
DA:14,0
DA:20,0
DA:21,0
DA:23,0
DA:25,0
DA:26,0
DA:27,0
DA:28,0
DA:29,0
DA:30,0
DA:33,0
DA:34,0
DA:35,0
DA:36,0
DA:38,0
DA:40,0
DA:42,0
DA:45,0
DA:46,0
DA:47,0
DA:49,0
DA:52,0
DA:53,0
DA:54,0
DA:56,0
DA:59,0
DA:60,0
DA:61,0
DA:63,0
DA:67,0
DA:68,0
DA:69,0
DA:72,0
DA:74,0
DA:78,0
DA:90,0
DA:92,0
LF:37
LH:0
end_of_record
SF:lib/src/core/services/storage_service.dart
DA:11,0
DA:16,0
DA:18,0
DA:20,0
DA:21,0
DA:24,0
DA:25,0
DA:28,0
DA:29,0
DA:33,0
DA:34,0
DA:37,0
DA:38,0
DA:42,0
DA:43,0
DA:46,0
DA:47,0
DA:50,0
DA:51,0
DA:54,0
DA:55,0
DA:58,0
DA:59,0
DA:63,0
DA:65,0
DA:66,0
DA:68,0
DA:74,0
DA:76,0
DA:77,0
DA:79,0
DA:85,0
DA:87,0
DA:88,0
DA:90,0
DA:96,0
DA:98,0
DA:99,0
DA:101,0
DA:107,0
DA:109,0
DA:110,0
DA:112,0
DA:118,0
DA:119,0
DA:123,0
DA:125,0
LF:47
LH:0
end_of_record
SF:lib/src/core/services/user_service.dart
DA:20,0
DA:28,0
DA:30,0
DA:33,0
DA:34,0
DA:37,0
DA:38,0
DA:42,0
DA:43,0
DA:44,0
DA:46,0
DA:51,0
DA:53,0
DA:57,0
DA:58,0
DA:61,0
DA:62,0
DA:63,0
DA:67,0
DA:69,0
DA:70,0
DA:71,0
DA:72,0
DA:73,0
DA:80,0
DA:82,0
DA:83,0
DA:84,0
DA:89,0
DA:90,0
DA:91,0
DA:92,0
DA:93,0
DA:97,0
DA:98,0
DA:99,0
DA:100,0
DA:101,0
DA:102,0
DA:109,0
DA:112,0
DA:114,0
LF:42
LH:0
end_of_record
SF:lib/src/core/services/sound_service.dart
DA:9,0
DA:11,0
DA:13,0
DA:16,0
DA:17,0
DA:18,0
DA:19,0
DA:22,0
DA:30,0
DA:31,0
DA:32,0
DA:33,0
DA:36,0
DA:37,0
DA:46,0
DA:47,0
DA:50,0
LF:17
LH:0
end_of_record
SF:lib/src/core/config/l10n/generated/intl/messages_all.dart
DA:23,0
DA:24,0
DA:25,0
DA:28,0
DA:30,0
DA:31,0
DA:32,0
DA:33,0
DA:40,0
DA:41,0
DA:43,0
DA:44,0
DA:47,0
DA:49,0
DA:50,0
DA:51,0
DA:52,0
DA:53,0
DA:56,0
DA:58,0
DA:64,0
DA:65,0
DA:68,0
DA:71,0
LF:24
LH:0
end_of_record
SF:lib/src/core/config/l10n/generated/intl/messages_ar.dart
DA:16,0
DA:21,0
DA:23,0
DA:25,0
DA:27,0
DA:28,0
DA:30,0
DA:32,0
DA:33,0
DA:35,0
DA:37,0
DA:39,0
DA:40,0
DA:42,0
DA:43,0
DA:45,0
DA:47,0
DA:49,0
DA:51,0
DA:53,0
DA:54,0
DA:56,0
DA:58,0
DA:60,0
DA:62,0
DA:64,0
DA:65,0
DA:67,0
DA:70,0
DA:71,0
DA:72,0
DA:73,0
DA:74,0
DA:75,0
DA:76,0
DA:77,0
DA:79,0
DA:82,0
DA:85,0
DA:88,0
DA:89,0
DA:90,0
DA:91,0
DA:94,0
DA:97,0
DA:98,0
DA:101,0
DA:102,0
DA:105,0
DA:106,0
DA:107,0
DA:108,0
DA:111,0
DA:112,0
DA:113,0
DA:114,0
DA:117,0
DA:120,0
DA:121,0
DA:124,0
DA:125,0
DA:128,0
DA:129,0
DA:132,0
DA:133,0
DA:134,0
DA:135,0
DA:136,0
DA:137,0
DA:138,0
DA:139,0
DA:142,0
DA:145,0
DA:148,0
DA:149,0
DA:150,0
DA:153,0
DA:156,0
DA:157,0
DA:160,0
DA:161,0
DA:164,0
DA:167,0
DA:168,0
DA:169,0
DA:170,0
DA:171,0
DA:172,0
DA:173,0
DA:174,0
DA:177,0
DA:180,0
DA:181,0
DA:182,0
DA:183,0
DA:184,0
DA:185,0
DA:188,0
DA:189,0
DA:190,0
DA:191,0
DA:192,0
DA:194,0
DA:195,0
DA:196,0
DA:199,0
DA:200,0
DA:203,0
DA:204,0
DA:207,0
DA:210,0
DA:211,0
DA:214,0
DA:215,0
DA:216,0
DA:217,0
DA:218,0
DA:219,0
DA:220,0
DA:223,0
DA:224,0
DA:225,0
DA:226,0
DA:227,0
DA:228,0
DA:229,0
DA:230,0
DA:231,0
DA:232,0
DA:235,0
DA:238,0
DA:239,0
DA:240,0
DA:241,0
DA:242,0
DA:243,0
DA:244,0
DA:245,0
DA:248,0
DA:251,0
DA:252,0
DA:253,0
DA:256,0
DA:257,0
DA:258,0
DA:259,0
DA:260,0
DA:261,0
DA:262,0
DA:263,0
DA:264,0
DA:265,0
DA:268,0
DA:271,0
DA:272,0
DA:275,0
DA:278,0
DA:281,0
DA:284,0
DA:287,0
DA:290,0
DA:293,0
DA:296,0
DA:297,0
DA:298,0
DA:299,0
DA:300,0
DA:301,0
DA:304,0
DA:307,0
DA:310,0
DA:313,0
DA:314,0
DA:315,0
DA:318,0
DA:319,0
DA:322,0
DA:323,0
DA:324,0
DA:325,0
DA:328,0
DA:331,0
DA:334,0
DA:335,0
DA:338,0
DA:341,0
DA:342,0
DA:345,0
DA:346,0
DA:350,0
DA:353,0
DA:356,0
DA:357,0
DA:358,0
DA:361,0
DA:364,0
DA:367,0
DA:370,0
DA:373,0
DA:376,0
DA:379,0
DA:380,0
DA:383,0
DA:384,0
DA:385,0
DA:386,0
DA:387,0
DA:388,0
DA:389,0
DA:392,0
DA:395,0
DA:396,0
DA:397,0
DA:400,0
DA:403,0
DA:404,0
DA:407,0
DA:410,0
DA:411,0
DA:412,0
DA:413,0
DA:416,0
DA:419,0
DA:422,0
DA:423,0
DA:426,0
DA:430,0
DA:431,0
DA:434,0
DA:435,0
DA:439,0
DA:441,0
DA:442,0
DA:446,0
DA:447,0
DA:448,0
DA:451,0
DA:452,0
DA:455,0
DA:458,0
DA:460,0
DA:461,0
DA:462,0
DA:463,0
DA:464,0
DA:467,0
DA:469,0
DA:470,0
DA:471,0
DA:474,0
DA:477,0
DA:478,0
DA:479,0
DA:482,0
DA:483,0
DA:486,0
DA:487,0
DA:488,0
DA:491,0
DA:494,0
DA:495,0
DA:496,0
DA:499,0
DA:502,0
DA:503,0
DA:504,0
DA:505,0
DA:506,0
DA:509,0
DA:510,0
DA:511,0
DA:514,0
DA:515,0
DA:516,0
DA:517,0
DA:518,0
DA:521,0
DA:522,0
DA:523,0
DA:524,0
DA:525,0
DA:528,0
DA:531,0
DA:534,0
DA:535,0
DA:536,0
DA:537,0
DA:540,0
DA:541,0
DA:542,0
DA:545,0
DA:548,0
DA:551,0
DA:554,0
DA:557,0
DA:560,0
DA:561,0
DA:564,0
DA:567,0
DA:570,0
DA:573,0
DA:576,0
DA:579,0
DA:582,0
DA:585,0
DA:588,0
DA:591,0
DA:592,0
DA:595,0
DA:598,0
DA:601,0
DA:604,0
DA:607,0
DA:610,0
DA:614,0
DA:617,0
DA:620,0
DA:621,0
DA:624,0
DA:625,0
DA:626,0
DA:629,0
DA:632,0
DA:635,0
DA:638,0
DA:639,0
DA:642,0
DA:643,0
DA:644,0
DA:645,0
DA:648,0
DA:649,0
DA:650,0
DA:653,0
DA:657,0
DA:660,0
DA:663,0
DA:666,0
DA:669,0
DA:672,0
DA:673,0
DA:674,0
DA:675,0
DA:676,0
DA:680,0
DA:681,0
DA:682,0
DA:685,0
DA:686,0
DA:689,0
DA:692,0
DA:695,0
DA:696,0
DA:697,0
DA:700,0
DA:704,0
DA:705,0
DA:708,0
DA:709,0
DA:710,0
DA:713,0
DA:714,0
DA:717,0
DA:720,0
DA:723,0
DA:724,0
DA:725,0
DA:726,0
DA:729,0
DA:730,0
DA:731,0
DA:734,0
DA:735,0
DA:736,0
DA:737,0
DA:740,0
DA:743,0
DA:746,0
DA:747,0
DA:750,0
DA:751,0
DA:752,0
DA:753,0
DA:756,0
DA:758,0
DA:759,0
DA:760,0
DA:761,0
DA:762,0
DA:763,0
DA:764,0
DA:765,0
DA:767,0
DA:770,0
DA:771,0
DA:772,0
DA:773,0
DA:774,0
DA:778,0
DA:781,0
DA:782,0
DA:785,0
DA:788,0
DA:791,0
DA:794,0
DA:795,0
DA:798,0
DA:799,0
DA:800,0
DA:801,0
DA:802,0
DA:803,0
DA:804,0
DA:807,0
DA:808,0
DA:809,0
DA:810,0
DA:811,0
DA:814,0
DA:817,0
DA:820,0
DA:823,0
DA:824,0
DA:825,0
DA:826,0
DA:827,0
DA:828,0
DA:831,0
DA:834,0
DA:835,0
DA:838,0
DA:841,0
DA:842,0
DA:845,0
DA:846,0
DA:847,0
DA:850,0
DA:853,0
DA:854,0
DA:857,0
DA:860,0
DA:863,0
DA:864,0
DA:865,0
DA:868,0
DA:869,0
DA:872,0
DA:873,0
DA:876,0
DA:877,0
DA:878,0
DA:881,0
DA:882,0
DA:883,0
DA:884,0
DA:885,0
DA:886,0
DA:887,0
DA:888,0
DA:889,0
DA:892,0
DA:895,0
DA:898,0
DA:901,0
DA:902,0
DA:905,0
DA:908,0
DA:911,0
DA:912,0
DA:915,0
DA:916,0
DA:919,0
DA:920,0
DA:921,0
DA:924,0
DA:927,0
DA:930,0
DA:933,0
DA:934,0
DA:935,0
DA:938,0
DA:941,0
DA:944,0
DA:947,0
DA:950,0
DA:951,0
DA:954,0
DA:955,0
DA:958,0
DA:959,0
DA:960,0
DA:961,0
DA:962,0
DA:965,0
DA:966,0
DA:969,0
DA:972,0
DA:975,0
DA:976,0
DA:979,0
DA:982,0
DA:983,0
DA:984,0
DA:985,0
DA:988,0
DA:991,0
DA:992,0
DA:993,0
DA:996,0
DA:1000,0
DA:1003,0
DA:1004,0
DA:1005,0
DA:1006,0
DA:1007,0
DA:1008,0
DA:1011,0
DA:1012,0
DA:1015,0
DA:1018,0
DA:1021,0
DA:1022,0
DA:1025,0
DA:1026,0
DA:1029,0
DA:1030,0
DA:1033,0
DA:1036,0
DA:1039,0
DA:1042,0
DA:1045,0
DA:1046,0
DA:1047,0
DA:1048,0
DA:1049,0
DA:1050,0
DA:1051,0
DA:1054,0
DA:1055,0
DA:1058,0
DA:1059,0
DA:1062,0
DA:1065,0
DA:1068,0
DA:1071,0
DA:1072,0
DA:1073,0
DA:1076,0
DA:1077,0
DA:1078,0
DA:1079,0
DA:1080,0
DA:1081,0
DA:1084,0
DA:1087,0
DA:1090,0
DA:1093,0
DA:1096,0
DA:1099,0
DA:1102,0
DA:1103,0
DA:1104,0
DA:1107,0
DA:1110,0
DA:1111,0
DA:1114,0
DA:1115,0
DA:1118,0
DA:1121,0
DA:1124,0
DA:1127,0
DA:1130,0
DA:1133,0
DA:1136,0
DA:1139,0
DA:1142,0
DA:1145,0
DA:1148,0
DA:1151,0
DA:1154,0
DA:1157,0
DA:1160,0
DA:1163,0
DA:1164,0
DA:1165,0
DA:1166,0
DA:1167,0
DA:1170,0
DA:1171,0
DA:1174,0
DA:1175,0
DA:1178,0
DA:1179,0
DA:1180,0
DA:1183,0
DA:1184,0
DA:1187,0
DA:1188,0
DA:1189,0
DA:1192,0
DA:1193,0
DA:1194,0
DA:1195,0
DA:1196,0
DA:1199,0
DA:1202,0
DA:1203,0
DA:1204,0
DA:1207,0
DA:1208,0
DA:1211,0
DA:1212,0
DA:1213,0
DA:1214,0
DA:1217,0
DA:1218,0
DA:1221,0
DA:1223,0
DA:1226,0
DA:1229,0
DA:1230,0
DA:1233,0
DA:1234,0
DA:1235,0
DA:1238,0
DA:1239,0
DA:1242,0
DA:1246,0
DA:1249,0
DA:1252,0
DA:1255,0
DA:1258,0
DA:1261,0
DA:1264,0
DA:1265,0
DA:1268,0
DA:1271,0
DA:1272,0
DA:1273,0
DA:1276,0
DA:1277,0
DA:1280,0
DA:1283,0
DA:1284,0
DA:1287,0
DA:1291,0
DA:1294,0
DA:1295,0
DA:1296,0
DA:1297,0
DA:1300,0
DA:1301,0
DA:1302,0
DA:1303,0
DA:1306,0
DA:1309,0
DA:1310,0
DA:1311,0
DA:1314,0
DA:1315,0
DA:1318,0
DA:1319,0
DA:1320,0
DA:1321,0
DA:1322,0
DA:1325,0
DA:1328,0
DA:1329,0
DA:1330,0
DA:1331,0
DA:1332,0
DA:1335,0
DA:1339,0
DA:1342,0
DA:1346,0
DA:1349,0
DA:1350,0
DA:1351,0
DA:1352,0
DA:1354,0
DA:1357,0
DA:1360,0
DA:1361,0
DA:1363,0
DA:1366,0
DA:1369,0
DA:1370,0
DA:1371,0
DA:1372,0
DA:1373,0
DA:1374,0
DA:1375,0
DA:1376,0
DA:1377,0
DA:1378,0
DA:1381,0
DA:1384,0
DA:1387,0
DA:1391,0
DA:1392,0
DA:1395,0
DA:1396,0
DA:1399,0
DA:1400,0
DA:1403,0
DA:1406,0
DA:1409,0
DA:1410,0
DA:1411,0
DA:1414,0
DA:1417,0
DA:1418,0
DA:1421,0
DA:1422,0
DA:1425,0
DA:1428,0
DA:1431,0
DA:1432,0
DA:1433,0
DA:1434,0
DA:1435,0
DA:1436,0
DA:1437,0
DA:1439,0
DA:1440,0
DA:1441,0
DA:1442,0
DA:1443,0
DA:1444,0
DA:1445,0
DA:1446,0
DA:1447,0
DA:1448,0
DA:1451,0
DA:1454,0
DA:1455,0
DA:1458,0
DA:1459,0
DA:1462,0
DA:1465,0
DA:1468,0
DA:1471,0
DA:1474,0
DA:1477,0
DA:1480,0
DA:1481,0
DA:1482,0
DA:1485,0
DA:1486,0
DA:1487,0
DA:1490,0
DA:1491,0
DA:1492,0
DA:1493,0
DA:1494,0
DA:1495,0
DA:1496,0
DA:1497,0
DA:1500,0
DA:1501,0
DA:1502,0
DA:1503,0
DA:1506,0
DA:1507,0
DA:1511,0
DA:1514,0
DA:1515,0
DA:1518,0
DA:1521,0
DA:1524,0
DA:1525,0
DA:1528,0
DA:1531,0
DA:1532,0
DA:1533,0
DA:1536,0
DA:1539,0
DA:1542,0
DA:1545,0
DA:1548,0
DA:1551,0
DA:1554,0
DA:1557,0
DA:1560,0
DA:1563,0
DA:1566,0
DA:1567,0
DA:1570,0
DA:1573,0
DA:1576,0
DA:1579,0
DA:1582,0
DA:1583,0
DA:1584,0
DA:1585,0
DA:1588,0
DA:1591,0
DA:1595,0
DA:1596,0
DA:1599,0
DA:1602,0
DA:1605,0
DA:1608,0
DA:1611,0
DA:1614,0
DA:1615,0
DA:1618,0
DA:1619,0
DA:1622,0
DA:1623,0
DA:1626,0
DA:1627,0
DA:1628,0
DA:1629,0
DA:1630,0
DA:1631,0
DA:1634,0
DA:1635,0
DA:1636,0
DA:1637,0
DA:1640,0
DA:1643,0
DA:1646,0
DA:1647,0
DA:1648,0
DA:1649,0
DA:1650,0
DA:1652,0
DA:1655,0
DA:1656,0
DA:1657,0
DA:1658,0
DA:1661,0
DA:1664,0
DA:1665,0
DA:1666,0
LF:836
LH:0
end_of_record
SF:lib/src/core/config/l10n/generated/intl/messages_en.dart
DA:16,0
DA:21,0
DA:23,0
DA:24,0
DA:26,0
DA:28,0
DA:29,0
DA:31,0
DA:33,0
DA:34,0
DA:36,0
DA:38,0
DA:40,0
DA:41,0
DA:43,0
DA:44,0
DA:46,0
DA:48,0
DA:50,0
DA:52,0
DA:54,0
DA:55,0
DA:57,0
DA:59,0
DA:61,0
DA:63,0
DA:65,0
DA:66,0
DA:68,0
DA:71,0
DA:72,0
DA:73,0
DA:74,0
DA:75,0
DA:76,0
DA:79,0
DA:80,0
DA:82,0
DA:85,0
DA:88,0
DA:91,0
DA:92,0
DA:95,0
DA:96,0
DA:99,0
DA:102,0
DA:103,0
DA:106,0
DA:107,0
DA:110,0
DA:113,0
DA:114,0
DA:115,0
DA:118,0
DA:119,0
DA:120,0
DA:121,0
DA:124,0
DA:127,0
DA:128,0
DA:131,0
DA:132,0
DA:135,0
DA:136,0
DA:139,0
DA:140,0
DA:141,0
DA:142,0
DA:143,0
DA:144,0
DA:145,0
DA:146,0
DA:149,0
DA:152,0
DA:155,0
DA:156,0
DA:157,0
DA:160,0
DA:163,0
DA:164,0
DA:167,0
DA:168,0
DA:171,0
DA:174,0
DA:175,0
DA:176,0
DA:177,0
DA:178,0
DA:179,0
DA:180,0
DA:181,0
DA:184,0
DA:187,0
DA:188,0
DA:189,0
DA:190,0
DA:193,0
DA:194,0
DA:197,0
DA:198,0
DA:199,0
DA:200,0
DA:201,0
DA:203,0
DA:204,0
DA:205,0
DA:208,0
DA:209,0
DA:210,0
DA:211,0
DA:214,0
DA:215,0
DA:216,0
DA:219,0
DA:220,0
DA:221,0
DA:222,0
DA:223,0
DA:224,0
DA:225,0
DA:228,0
DA:229,0
DA:230,0
DA:231,0
DA:232,0
DA:233,0
DA:234,0
DA:235,0
DA:236,0
DA:237,0
DA:240,0
DA:243,0
DA:244,0
DA:245,0
DA:246,0
DA:247,0
DA:248,0
DA:249,0
DA:250,0
DA:251,0
DA:254,0
DA:255,0
DA:256,0
DA:259,0
DA:260,0
DA:261,0
DA:262,0
DA:263,0
DA:264,0
DA:265,0
DA:266,0
DA:267,0
DA:268,0
DA:271,0
DA:274,0
DA:275,0
DA:278,0
DA:281,0
DA:284,0
DA:287,0
DA:290,0
DA:293,0
DA:296,0
DA:299,0
DA:300,0
DA:301,0
DA:302,0
DA:303,0
DA:306,0
DA:309,0
DA:312,0
DA:315,0
DA:318,0
DA:321,0
DA:322,0
DA:325,0
DA:326,0
DA:329,0
DA:330,0
DA:331,0
DA:332,0
DA:335,0
DA:336,0
DA:339,0
DA:340,0
DA:343,0
DA:346,0
DA:347,0
DA:350,0
DA:351,0
DA:355,0
DA:358,0
DA:361,0
DA:362,0
DA:363,0
DA:366,0
DA:369,0
DA:372,0
DA:375,0
DA:378,0
DA:381,0
DA:384,0
DA:387,0
DA:390,0
DA:391,0
DA:392,0
DA:393,0
DA:394,0
DA:395,0
DA:396,0
DA:397,0
DA:400,0
DA:403,0
DA:404,0
DA:407,0
DA:410,0
DA:413,0
DA:416,0
DA:419,0
DA:422,0
DA:425,0
DA:426,0
DA:427,0
DA:430,0
DA:433,0
DA:436,0
DA:437,0
DA:440,0
DA:444,0
DA:445,0
DA:448,0
DA:449,0
DA:453,0
DA:455,0
DA:456,0
DA:460,0
DA:461,0
DA:462,0
DA:465,0
DA:466,0
DA:469,0
DA:472,0
DA:474,0
DA:475,0
DA:478,0
DA:479,0
DA:480,0
DA:483,0
DA:485,0
DA:486,0
DA:487,0
DA:490,0
DA:493,0
DA:494,0
DA:495,0
DA:498,0
DA:499,0
DA:502,0
DA:503,0
DA:504,0
DA:507,0
DA:510,0
DA:511,0
DA:514,0
DA:517,0
DA:520,0
DA:521,0
DA:522,0
DA:523,0
DA:524,0
DA:527,0
DA:528,0
DA:529,0
DA:532,0
DA:533,0
DA:534,0
DA:535,0
DA:536,0
DA:539,0
DA:542,0
DA:543,0
DA:544,0
DA:545,0
DA:546,0
DA:549,0
DA:550,0
DA:551,0
DA:554,0
DA:555,0
DA:558,0
DA:559,0
DA:560,0
DA:563,0
DA:566,0
DA:569,0
DA:572,0
DA:575,0
DA:578,0
DA:579,0
DA:582,0
DA:585,0
DA:588,0
DA:591,0
DA:594,0
DA:597,0
DA:598,0
DA:601,0
DA:604,0
DA:607,0
DA:610,0
DA:613,0
DA:616,0
DA:619,0
DA:622,0
DA:625,0
DA:628,0
DA:632,0
DA:635,0
DA:638,0
DA:639,0
DA:642,0
DA:643,0
DA:644,0
DA:647,0
DA:650,0
DA:653,0
DA:656,0
DA:657,0
DA:660,0
DA:661,0
DA:662,0
DA:663,0
DA:666,0
DA:667,0
DA:668,0
DA:671,0
DA:675,0
DA:678,0
DA:679,0
DA:682,0
DA:685,0
DA:688,0
DA:689,0
DA:690,0
DA:691,0
DA:692,0
DA:696,0
DA:697,0
DA:698,0
DA:701,0
DA:702,0
DA:705,0
DA:708,0
DA:711,0
DA:712,0
DA:713,0
DA:716,0
DA:718,0
DA:719,0
DA:722,0
DA:723,0
DA:726,0
DA:729,0
DA:730,0
DA:733,0
DA:736,0
DA:739,0
DA:740,0
DA:741,0
DA:742,0
DA:743,0
DA:744,0
DA:745,0
DA:748,0
DA:749,0
DA:750,0
DA:751,0
DA:752,0
DA:753,0
DA:756,0
DA:759,0
DA:760,0
DA:763,0
DA:764,0
DA:765,0
DA:766,0
DA:769,0
DA:771,0
DA:772,0
DA:773,0
DA:774,0
DA:775,0
DA:778,0
DA:779,0
DA:780,0
DA:782,0
DA:785,0
DA:786,0
DA:789,0
DA:792,0
DA:795,0
DA:799,0
DA:802,0
DA:803,0
DA:804,0
DA:807,0
DA:810,0
DA:813,0
DA:814,0
DA:817,0
DA:818,0
DA:819,0
DA:820,0
DA:821,0
DA:822,0
DA:825,0
DA:828,0
DA:829,0
DA:830,0
DA:831,0
DA:832,0
DA:835,0
DA:838,0
DA:841,0
DA:844,0
DA:845,0
DA:848,0
DA:849,0
DA:850,0
DA:851,0
DA:852,0
DA:855,0
DA:858,0
DA:861,0
DA:864,0
DA:867,0
DA:870,0
DA:871,0
DA:872,0
DA:875,0
DA:878,0
DA:881,0
DA:884,0
DA:887,0
DA:890,0
DA:893,0
DA:896,0
DA:899,0
DA:900,0
DA:903,0
DA:904,0
DA:907,0
DA:908,0
DA:909,0
DA:910,0
DA:911,0
DA:912,0
DA:913,0
DA:914,0
DA:915,0
DA:916,0
DA:917,0
DA:920,0
DA:921,0
DA:922,0
DA:925,0
DA:926,0
DA:929,0
DA:932,0
DA:933,0
DA:936,0
DA:939,0
DA:942,0
DA:943,0
DA:946,0
DA:947,0
DA:950,0
DA:951,0
DA:952,0
DA:955,0
DA:958,0
DA:961,0
DA:962,0
DA:965,0
DA:966,0
DA:967,0
DA:970,0
DA:973,0
DA:976,0
DA:977,0
DA:980,0
DA:981,0
DA:984,0
DA:987,0
DA:990,0
DA:991,0
DA:992,0
DA:993,0
DA:994,0
DA:997,0
DA:998,0
DA:1001,0
DA:1004,0
DA:1007,0
DA:1008,0
DA:1011,0
DA:1014,0
DA:1015,0
DA:1016,0
DA:1017,0
DA:1020,0
DA:1023,0
DA:1024,0
DA:1025,0
DA:1028,0
DA:1032,0
DA:1035,0
DA:1036,0
DA:1037,0
DA:1038,0
DA:1039,0
DA:1040,0
DA:1043,0
DA:1044,0
DA:1047,0
DA:1050,0
DA:1051,0
DA:1052,0
DA:1055,0
DA:1058,0
DA:1061,0
DA:1062,0
DA:1065,0
DA:1068,0
DA:1071,0
DA:1074,0
DA:1077,0
DA:1078,0
DA:1079,0
DA:1080,0
DA:1081,0
DA:1082,0
DA:1083,0
DA:1088,0
DA:1091,0
DA:1094,0
DA:1095,0
DA:1098,0
DA:1101,0
DA:1104,0
DA:1107,0
DA:1110,0
DA:1111,0
DA:1114,0
DA:1115,0
DA:1116,0
DA:1117,0
DA:1118,0
DA:1121,0
DA:1124,0
DA:1127,0
DA:1130,0
DA:1133,0
DA:1136,0
DA:1139,0
DA:1142,0
DA:1143,0
DA:1144,0
DA:1147,0
DA:1150,0
DA:1151,0
DA:1152,0
DA:1155,0
DA:1156,0
DA:1159,0
DA:1162,0
DA:1165,0
DA:1168,0
DA:1171,0
DA:1174,0
DA:1175,0
DA:1178,0
DA:1181,0
DA:1184,0
DA:1187,0
DA:1190,0
DA:1193,0
DA:1196,0
DA:1199,0
DA:1202,0
DA:1203,0
DA:1204,0
DA:1205,0
DA:1206,0
DA:1209,0
DA:1210,0
DA:1213,0
DA:1214,0
DA:1217,0
DA:1218,0
DA:1219,0
DA:1222,0
DA:1223,0
DA:1226,0
DA:1227,0
DA:1228,0
DA:1231,0
DA:1232,0
DA:1233,0
DA:1234,0
DA:1235,0
DA:1238,0
DA:1241,0
DA:1242,0
DA:1243,0
DA:1246,0
DA:1247,0
DA:1250,0
DA:1251,0
DA:1252,0
DA:1253,0
DA:1256,0
DA:1257,0
DA:1260,0
DA:1262,0
DA:1265,0
DA:1268,0
DA:1269,0
DA:1272,0
DA:1273,0
DA:1274,0
DA:1277,0
DA:1278,0
DA:1281,0
DA:1285,0
DA:1288,0
DA:1291,0
DA:1294,0
DA:1297,0
DA:1300,0
DA:1303,0
DA:1304,0
DA:1307,0
DA:1310,0
DA:1311,0
DA:1312,0
DA:1315,0
DA:1316,0
DA:1319,0
DA:1322,0
DA:1323,0
DA:1326,0
DA:1330,0
DA:1333,0
DA:1334,0
DA:1335,0
DA:1336,0
DA:1339,0
DA:1340,0
DA:1341,0
DA:1342,0
DA:1345,0
DA:1348,0
DA:1349,0
DA:1350,0
DA:1353,0
DA:1354,0
DA:1357,0
DA:1360,0
DA:1361,0
DA:1362,0
DA:1363,0
DA:1366,0
DA:1369,0
DA:1370,0
DA:1371,0
DA:1372,0
DA:1373,0
DA:1376,0
DA:1380,0
DA:1383,0
DA:1387,0
DA:1390,0
DA:1393,0
DA:1394,0
DA:1395,0
DA:1397,0
DA:1400,0
DA:1403,0
DA:1404,0
DA:1406,0
DA:1409,0
DA:1412,0
DA:1415,0
DA:1416,0
DA:1417,0
DA:1418,0
DA:1419,0
DA:1420,0
DA:1421,0
DA:1422,0
DA:1423,0
DA:1426,0
DA:1429,0
DA:1432,0
DA:1436,0
DA:1437,0
DA:1440,0
DA:1441,0
DA:1444,0
DA:1447,0
DA:1448,0
DA:1451,0
DA:1454,0
DA:1455,0
DA:1458,0
DA:1461,0
DA:1462,0
DA:1465,0
DA:1468,0
DA:1471,0
DA:1474,0
DA:1477,0
DA:1480,0
DA:1483,0
DA:1486,0
DA:1487,0
DA:1488,0
DA:1489,0
DA:1490,0
DA:1491,0
DA:1492,0
DA:1494,0
DA:1495,0
DA:1498,0
DA:1499,0
DA:1500,0
DA:1501,0
DA:1502,0
DA:1503,0
DA:1504,0
DA:1505,0
DA:1506,0
DA:1509,0
DA:1512,0
DA:1513,0
DA:1516,0
DA:1517,0
DA:1520,0
DA:1523,0
DA:1526,0
DA:1529,0
DA:1532,0
DA:1535,0
DA:1538,0
DA:1539,0
DA:1540,0
DA:1543,0
DA:1544,0
DA:1545,0
DA:1548,0
DA:1549,0
DA:1550,0
DA:1551,0
DA:1552,0
DA:1553,0
DA:1554,0
DA:1555,0
DA:1558,0
DA:1559,0
DA:1560,0
DA:1561,0
DA:1564,0
DA:1565,0
DA:1569,0
DA:1572,0
DA:1573,0
DA:1576,0
DA:1579,0
DA:1582,0
DA:1583,0
DA:1586,0
DA:1589,0
DA:1590,0
DA:1593,0
DA:1596,0
DA:1599,0
DA:1602,0
DA:1605,0
DA:1608,0
DA:1611,0
DA:1614,0
DA:1617,0
DA:1620,0
DA:1623,0
DA:1626,0
DA:1629,0
DA:1632,0
DA:1635,0
DA:1638,0
DA:1641,0
DA:1644,0
DA:1645,0
DA:1646,0
DA:1647,0
DA:1650,0
DA:1653,0
DA:1657,0
DA:1660,0
DA:1663,0
DA:1666,0
DA:1669,0
DA:1672,0
DA:1675,0
DA:1678,0
DA:1679,0
DA:1682,0
DA:1683,0
DA:1686,0
DA:1687,0
DA:1690,0
DA:1691,0
DA:1692,0
DA:1693,0
DA:1694,0
DA:1695,0
DA:1698,0
DA:1699,0
DA:1700,0
DA:1701,0
DA:1704,0
DA:1707,0
DA:1710,0
DA:1713,0
DA:1714,0
DA:1715,0
DA:1716,0
DA:1718,0
DA:1721,0
DA:1722,0
DA:1725,0
DA:1726,0
DA:1727,0
DA:1730,0
DA:1733,0
DA:1734,0
DA:1735,0
LF:847
LH:0
end_of_record
SF:lib/src/core/config/l10n/generated/l10n.dart
DA:16,0
DA:20,0
DA:22,0
DA:30,0
DA:31,0
DA:32,0
DA:33,0
DA:34,0
DA:35,0
DA:36,0
DA:37,0
DA:44,0
DA:45,0
DA:47,0
DA:53,0
DA:54,0
DA:58,0
DA:59,0
DA:63,0
DA:68,0
DA:69,0
DA:73,0
DA:78,0
DA:79,0
DA:83,0
DA:84,0
DA:88,0
DA:93,0
DA:94,0
DA:98,0
DA:103,0
DA:104,0
DA:108,0
DA:113,0
DA:114,0
DA:118,0
DA:119,0
DA:123,0
DA:128,0
DA:129,0
DA:133,0
DA:138,0
DA:139,0
DA:143,0
DA:148,0
DA:149,0
DA:153,0
DA:158,0
DA:159,0
DA:163,0
DA:168,0
DA:169,0
DA:173,0
DA:174,0
DA:178,0
DA:179,0
DA:183,0
DA:188,0
DA:189,0
DA:193,0
DA:198,0
DA:199,0
DA:203,0
DA:208,0
DA:209,0
DA:213,0
DA:214,0
DA:218,0
DA:223,0
DA:224,0
DA:228,0
DA:233,0
DA:234,0
DA:238,0
DA:243,0
DA:244,0
DA:248,0
DA:253,0
DA:254,0
DA:258,0
DA:259,0
DA:263,0
DA:264,0
DA:268,0
DA:269,0
DA:273,0
DA:274,0
DA:278,0
DA:279,0
DA:283,0
DA:288,0
DA:289,0
DA:293,0
DA:294,0
DA:298,0
DA:303,0
DA:304,0
DA:308,0
DA:313,0
DA:314,0
DA:318,0
DA:319,0
DA:323,0
DA:324,0
DA:328,0
DA:329,0
DA:333,0
DA:334,0
DA:338,0
DA:343,0
DA:344,0
DA:348,0
DA:349,0
DA:353,0
DA:354,0
DA:358,0
DA:359,0
DA:363,0
DA:364,0
DA:368,0
DA:373,0
DA:374,0
DA:378,0
DA:383,0
DA:384,0
DA:388,0
DA:393,0
DA:394,0
DA:398,0
DA:403,0
DA:404,0
DA:408,0
DA:413,0
DA:414,0
DA:418,0
DA:423,0
DA:424,0
DA:428,0
DA:433,0
DA:434,0
DA:438,0
DA:443,0
DA:444,0
DA:448,0
DA:449,0
DA:453,0
DA:458,0
DA:459,0
DA:463,0
DA:468,0
DA:469,0
DA:473,0
DA:474,0
DA:478,0
DA:479,0
DA:483,0
DA:484,0
DA:488,0
DA:489,0
DA:493,0
DA:494,0
DA:498,0
DA:503,0
DA:504,0
DA:508,0
DA:509,0
DA:513,0
DA:518,0
DA:519,0
DA:523,0
DA:528,0
DA:529,0
DA:533,0
DA:538,0
DA:539,0
DA:543,0
DA:548,0
DA:549,0
DA:553,0
DA:558,0
DA:559,0
DA:563,0
DA:564,0
DA:568,0
DA:569,0
DA:573,0
DA:578,0
DA:579,0
DA:583,0
DA:584,0
DA:588,0
DA:593,0
DA:594,0
DA:598,0
DA:603,0
DA:604,0
DA:608,0
DA:609,0
DA:613,0
DA:618,0
DA:619,0
DA:623,0
DA:628,0
DA:629,0
DA:633,0
DA:638,0
DA:639,0
DA:643,0
DA:644,0
DA:648,0
DA:653,0
DA:654,0
DA:658,0
DA:663,0
DA:664,0
DA:668,0
DA:673,0
DA:674,0
DA:678,0
DA:683,0
DA:684,0
DA:688,0
DA:693,0
DA:694,0
DA:698,0
DA:703,0
DA:704,0
DA:708,0
DA:709,0
DA:713,0
DA:714,0
DA:718,0
DA:719,0
DA:723,0
DA:724,0
DA:728,0
DA:729,0
DA:733,0
DA:734,0
DA:738,0
DA:739,0
DA:743,0
DA:748,0
DA:749,0
DA:753,0
DA:758,0
DA:759,0
DA:763,0
DA:768,0
DA:769,0
DA:773,0
DA:778,0
DA:779,0
DA:783,0
DA:788,0
DA:789,0
DA:793,0
DA:798,0
DA:799,0
DA:803,0
DA:808,0
DA:809,0
DA:813,0
DA:818,0
DA:819,0
DA:823,0
DA:828,0
DA:829,0
DA:833,0
DA:838,0
DA:839,0
DA:843,0
DA:848,0
DA:849,0
DA:853,0
DA:854,0
DA:858,0
DA:863,0
DA:864,0
DA:868,0
DA:873,0
DA:874,0
DA:878,0
DA:883,0
DA:884,0
DA:888,0
DA:889,0
DA:893,0
DA:894,0
DA:898,0
DA:899,0
DA:903,0
DA:904,0
DA:908,0
DA:913,0
DA:914,0
DA:918,0
DA:923,0
DA:924,0
DA:928,0
DA:933,0
DA:934,0
DA:938,0
DA:943,0
DA:944,0
DA:948,0
DA:953,0
DA:954,0
DA:958,0
DA:963,0
DA:964,0
DA:968,0
DA:973,0
DA:974,0
DA:978,0
DA:983,0
DA:984,0
DA:988,0
DA:993,0
DA:994,0
DA:998,0
DA:1003,0
DA:1004,0
DA:1008,0
DA:1009,0
DA:1013,0
DA:1018,0
DA:1019,0
DA:1023,0
DA:1024,0
DA:1028,0
DA:1033,0
DA:1034,0
DA:1038,0
DA:1043,0
DA:1044,0
DA:1048,0
DA:1053,0
DA:1054,0
DA:1058,0
DA:1063,0
DA:1064,0
DA:1068,0
DA:1073,0
DA:1074,0
DA:1078,0
DA:1083,0
DA:1084,0
DA:1088,0
DA:1093,0
DA:1094,0
DA:1095,0
DA:1098,0
DA:1103,0
DA:1104,0
DA:1108,0
DA:1113,0
DA:1114,0
DA:1118,0
DA:1123,0
DA:1124,0
DA:1128,0
DA:1133,0
DA:1134,0
DA:1138,0
DA:1143,0
DA:1144,0
DA:1148,0
DA:1153,0
DA:1154,0
DA:1158,0
DA:1163,0
DA:1164,0
DA:1168,0
DA:1173,0
DA:1174,0
DA:1178,0
DA:1183,0
DA:1184,0
DA:1188,0
DA:1193,0
DA:1194,0
DA:1198,0
DA:1203,0
DA:1204,0
DA:1208,0
DA:1213,0
DA:1214,0
DA:1218,0
DA:1223,0
DA:1224,0
DA:1228,0
DA:1233,0
DA:1234,0
DA:1238,0
DA:1243,0
DA:1244,0
DA:1248,0
DA:1253,0
DA:1254,0
DA:1258,0
DA:1263,0
DA:1264,0
DA:1268,0
DA:1273,0
DA:1274,0
DA:1278,0
DA:1283,0
DA:1284,0
DA:1288,0
DA:1293,0
DA:1294,0
DA:1298,0
DA:1303,0
DA:1304,0
DA:1308,0
DA:1313,0
DA:1314,0
DA:1318,0
DA:1323,0
DA:1324,0
DA:1328,0
DA:1333,0
DA:1334,0
DA:1338,0
DA:1343,0
DA:1344,0
DA:1348,0
DA:1353,0
DA:1354,0
DA:1358,0
DA:1363,0
DA:1364,0
DA:1368,0
DA:1373,0
DA:1374,0
DA:1378,0
DA:1383,0
DA:1384,0
DA:1388,0
DA:1393,0
DA:1394,0
DA:1398,0
DA:1403,0
DA:1404,0
DA:1408,0
DA:1413,0
DA:1414,0
DA:1418,0
DA:1423,0
DA:1424,0
DA:1428,0
DA:1433,0
DA:1434,0
DA:1438,0
DA:1443,0
DA:1444,0
DA:1448,0
DA:1453,0
DA:1454,0
DA:1458,0
DA:1463,0
DA:1464,0
DA:1468,0
DA:1473,0
DA:1474,0
DA:1478,0
DA:1483,0
DA:1484,0
DA:1488,0
DA:1493,0
DA:1494,0
DA:1498,0
DA:1503,0
DA:1504,0
DA:1508,0
DA:1513,0
DA:1514,0
DA:1518,0
DA:1523,0
DA:1524,0
DA:1528,0
DA:1533,0
DA:1534,0
DA:1538,0
DA:1543,0
DA:1544,0
DA:1548,0
DA:1553,0
DA:1554,0
DA:1558,0
DA:1563,0
DA:1564,0
DA:1568,0
DA:1573,0
DA:1574,0
DA:1578,0
DA:1583,0
DA:1584,0
DA:1588,0
DA:1593,0
DA:1594,0
DA:1598,0
DA:1603,0
DA:1604,0
DA:1608,0
DA:1613,0
DA:1614,0
DA:1618,0
DA:1623,0
DA:1624,0
DA:1628,0
DA:1633,0
DA:1634,0
DA:1638,0
DA:1643,0
DA:1644,0
DA:1648,0
DA:1653,0
DA:1654,0
DA:1658,0
DA:1663,0
DA:1664,0
DA:1668,0
DA:1673,0
DA:1674,0
DA:1678,0
DA:1683,0
DA:1684,0
DA:1688,0
DA:1693,0
DA:1694,0
DA:1698,0
DA:1703,0
DA:1704,0
DA:1708,0
DA:1713,0
DA:1714,0
DA:1718,0
DA:1723,0
DA:1724,0
DA:1728,0
DA:1733,0
DA:1734,0
DA:1738,0
DA:1743,0
DA:1745,0
DA:1750,0
DA:1755,0
DA:1756,0
DA:1760,0
DA:1765,0
DA:1766,0
DA:1770,0
DA:1775,0
DA:1776,0
DA:1780,0
DA:1785,0
DA:1786,0
DA:1790,0
DA:1795,0
DA:1796,0
DA:1800,0
DA:1805,0
DA:1806,0
DA:1810,0
DA:1815,0
DA:1816,0
DA:1820,0
DA:1825,0
DA:1826,0
DA:1830,0
DA:1835,0
DA:1836,0
DA:1840,0
DA:1845,0
DA:1846,0
DA:1850,0
DA:1855,0
DA:1856,0
DA:1860,0
DA:1865,0
DA:1866,0
DA:1870,0
DA:1875,0
DA:1876,0
DA:1880,0
DA:1885,0
DA:1886,0
DA:1890,0
DA:1895,0
DA:1896,0
DA:1900,0
DA:1905,0
DA:1906,0
DA:1910,0
DA:1915,0
DA:1916,0
DA:1920,0
DA:1925,0
DA:1926,0
DA:1930,0
DA:1935,0
DA:1936,0
DA:1940,0
DA:1945,0
DA:1946,0
DA:1950,0
DA:1955,0
DA:1956,0
DA:1960,0
DA:1965,0
DA:1966,0
DA:1970,0
DA:1971,0
DA:1975,0
DA:1980,0
DA:1981,0
DA:1985,0
DA:1990,0
DA:1991,0
DA:1992,0
DA:1995,0
DA:2000,0
DA:2001,0
DA:2005,0
DA:2010,0
DA:2011,0
DA:2015,0
DA:2020,0
DA:2021,0
DA:2025,0
DA:2030,0
DA:2031,0
DA:2035,0
DA:2040,0
DA:2041,0
DA:2045,0
DA:2050,0
DA:2051,0
DA:2055,0
DA:2060,0
DA:2061,0
DA:2065,0
DA:2070,0
DA:2071,0
DA:2075,0
DA:2080,0
DA:2081,0
DA:2085,0
DA:2090,0
DA:2091,0
DA:2095,0
DA:2100,0
DA:2101,0
DA:2105,0
DA:2110,0
DA:2111,0
DA:2115,0
DA:2120,0
DA:2121,0
DA:2125,0
DA:2126,0
DA:2130,0
DA:2135,0
DA:2136,0
DA:2140,0
DA:2141,0
DA:2145,0
DA:2150,0
DA:2151,0
DA:2155,0
DA:2160,0
DA:2161,0
DA:2165,0
DA:2170,0
DA:2171,0
DA:2175,0
DA:2180,0
DA:2181,0
DA:2185,0
DA:2190,0
DA:2191,0
DA:2195,0
DA:2200,0
DA:2201,0
DA:2205,0
DA:2210,0
DA:2211,0
DA:2215,0
DA:2220,0
DA:2221,0
DA:2225,0
DA:2226,0
DA:2230,0
DA:2235,0
DA:2236,0
DA:2240,0
DA:2241,0
DA:2245,0
DA:2250,0
DA:2251,0
DA:2255,0
DA:2256,0
DA:2260,0
DA:2261,0
DA:2265,0
DA:2266,0
DA:2270,0
DA:2271,0
DA:2275,0
DA:2276,0
DA:2280,0
DA:2281,0
DA:2285,0
DA:2286,0
DA:2290,0
DA:2295,0
DA:2296,0
DA:2300,0
DA:2305,0
DA:2306,0
DA:2310,0
DA:2315,0
DA:2316,0
DA:2320,0
DA:2325,0
DA:2326,0
DA:2330,0
DA:2331,0
DA:2335,0
DA:2340,0
DA:2341,0
DA:2345,0
DA:2350,0
DA:2351,0
DA:2355,0
DA:2360,0
DA:2361,0
DA:2365,0
DA:2370,0
DA:2371,0
DA:2375,0
DA:2376,0
DA:2380,0
DA:2381,0
DA:2385,0
DA:2386,0
DA:2390,0
DA:2395,0
DA:2396,0
DA:2400,0
DA:2405,0
DA:2406,0
DA:2410,0
DA:2411,0
DA:2415,0
DA:2420,0
DA:2421,0
DA:2425,0
DA:2430,0
DA:2431,0
DA:2435,0
DA:2440,0
DA:2441,0
DA:2445,0
DA:2450,0
DA:2451,0
DA:2455,0
DA:2456,0
DA:2460,0
DA:2465,0
DA:2466,0
DA:2470,0
DA:2475,0
DA:2476,0
DA:2480,0
DA:2485,0
DA:2486,0
DA:2490,0
DA:2495,0
DA:2496,0
DA:2500,0
DA:2501,0
DA:2505,0
DA:2506,0
DA:2510,0
DA:2511,0
DA:2515,0
DA:2516,0
DA:2518,0
DA:2521,0
DA:2526,0
DA:2527,0
DA:2529,0
DA:2537,0
DA:2542,0
DA:2543,0
DA:2555,0
DA:2560,0
DA:2561,0
DA:2565,0
DA:2566,0
DA:2570,0
DA:2571,0
DA:2575,0
DA:2580,0
DA:2581,0
DA:2585,0
DA:2590,0
DA:2591,0
DA:2595,0
DA:2596,0
DA:2600,0
DA:2601,0
DA:2605,0
DA:2606,0
DA:2610,0
DA:2615,0
DA:2616,0
DA:2620,0
DA:2625,0
DA:2626,0
DA:2630,0
DA:2635,0
DA:2636,0
DA:2640,0
DA:2641,0
DA:2645,0
DA:2646,0
DA:2650,0
DA:2655,0
DA:2656,0
DA:2660,0
DA:2661,0
DA:2665,0
DA:2666,0
DA:2670,0
DA:2671,0
DA:2675,0
DA:2680,0
DA:2681,0
DA:2685,0
DA:2690,0
DA:2691,0
DA:2695,0
DA:2696,0
DA:2700,0
DA:2705,0
DA:2706,0
DA:2710,0
DA:2711,0
DA:2715,0
DA:2720,0
DA:2721,0
DA:2725,0
DA:2726,0
DA:2730,0
DA:2731,0
DA:2735,0
DA:2740,0
DA:2741,0
DA:2745,0
DA:2750,0
DA:2751,0
DA:2755,0
DA:2760,0
DA:2761,0
DA:2765,0
DA:2770,0
DA:2771,0
DA:2775,0
DA:2780,0
DA:2781,0
DA:2785,0
DA:2790,0
DA:2791,0
DA:2795,0
DA:2796,0
DA:2800,0
DA:2805,0
DA:2806,0
DA:2810,0
DA:2811,0
DA:2815,0
DA:2820,0
DA:2821,0
DA:2825,0
DA:2830,0
DA:2831,0
DA:2835,0
DA:2840,0
DA:2841,0
DA:2845,0
DA:2850,0
DA:2851,0
DA:2855,0
DA:2856,0
DA:2860,0
DA:2865,0
DA:2866,0
DA:2870,0
DA:2875,0
DA:2876,0
DA:2880,0
DA:2885,0
DA:2886,0
DA:2890,0
DA:2895,0
DA:2896,0
DA:2900,0
DA:2905,0
DA:2906,0
DA:2910,0
DA:2911,0
DA:2915,0
DA:2916,0
DA:2920,0
DA:2921,0
DA:2925,0
DA:2926,0
DA:2930,0
DA:2935,0
DA:2936,0
DA:2940,0
DA:2945,0
DA:2946,0
DA:2950,0
DA:2955,0
DA:2956,0
DA:2960,0
DA:2965,0
DA:2966,0
DA:2970,0
DA:2971,0
DA:2975,0
DA:2980,0
DA:2981,0
DA:2985,0
DA:2990,0
DA:2991,0
DA:2995,0
DA:3000,0
DA:3001,0
DA:3005,0
DA:3010,0
DA:3011,0
DA:3015,0
DA:3020,0
DA:3021,0
DA:3025,0
DA:3030,0
DA:3031,0
DA:3035,0
DA:3040,0
DA:3041,0
DA:3045,0
DA:3050,0
DA:3051,0
DA:3055,0
DA:3060,0
DA:3061,0
DA:3065,0
DA:3070,0
DA:3071,0
DA:3075,0
DA:3080,0
DA:3081,0
DA:3085,0
DA:3090,0
DA:3091,0
DA:3095,0
DA:3096,0
DA:3097,0
DA:3100,0
DA:3105,0
DA:3106,0
DA:3110,0
DA:3111,0
DA:3115,0
DA:3120,0
DA:3121,0
DA:3125,0
DA:3130,0
DA:3131,0
DA:3135,0
DA:3140,0
DA:3141,0
DA:3145,0
DA:3150,0
DA:3151,0
DA:3155,0
DA:3160,0
DA:3161,0
DA:3165,0
DA:3170,0
DA:3171,0
DA:3175,0
DA:3180,0
DA:3181,0
DA:3185,0
DA:3190,0
DA:3191,0
DA:3195,0
DA:3200,0
DA:3201,0
DA:3205,0
DA:3206,0
DA:3210,0
DA:3211,0
DA:3215,0
DA:3216,0
DA:3220,0
DA:3225,0
DA:3226,0
DA:3230,0
DA:3231,0
DA:3235,0
DA:3236,0
DA:3240,0
DA:3241,0
DA:3245,0
DA:3246,0
DA:3250,0
DA:3251,0
DA:3255,0
DA:3260,0
DA:3261,0
DA:3265,0
DA:3270,0
DA:3271,0
DA:3275,0
DA:3280,0
DA:3281,0
DA:3285,0
DA:3286,0
DA:3290,0
DA:3291,0
DA:3295,0
DA:3300,0
DA:3301,0
DA:3305,0
DA:3310,0
DA:3311,0
DA:3315,0
DA:3320,0
DA:3321,0
DA:3325,0
DA:3330,0
DA:3331,0
DA:3335,0
DA:3340,0
DA:3341,0
DA:3345,0
DA:3350,0
DA:3351,0
DA:3355,0
DA:3356,0
DA:3360,0
DA:3361,0
DA:3365,0
DA:3366,0
DA:3370,0
DA:3375,0
DA:3376,0
DA:3380,0
DA:3385,0
DA:3386,0
DA:3390,0
DA:3395,0
DA:3396,0
DA:3400,0
DA:3401,0
DA:3405,0
DA:3410,0
DA:3411,0
DA:3415,0
DA:3420,0
DA:3421,0
DA:3425,0
DA:3430,0
DA:3431,0
DA:3435,0
DA:3440,0
DA:3441,0
DA:3445,0
DA:3450,0
DA:3451,0
DA:3455,0
DA:3456,0
DA:3460,0
DA:3465,0
DA:3466,0
DA:3470,0
DA:3475,0
DA:3476,0
DA:3480,0
DA:3485,0
DA:3486,0
DA:3490,0
DA:3495,0
DA:3496,0
DA:3500,0
DA:3505,0
DA:3506,0
DA:3510,0
DA:3515,0
DA:3516,0
DA:3520,0
DA:3525,0
DA:3526,0
DA:3530,0
DA:3531,0
DA:3535,0
DA:3540,0
DA:3541,0
DA:3545,0
DA:3550,0
DA:3551,0
DA:3555,0
DA:3560,0
DA:3561,0
DA:3565,0
DA:3570,0
DA:3571,0
DA:3575,0
DA:3580,0
DA:3581,0
DA:3585,0
DA:3590,0
DA:3591,0
DA:3595,0
DA:3596,0
DA:3600,0
DA:3601,0
DA:3605,0
DA:3610,0
DA:3611,0
DA:3615,0
DA:3620,0
DA:3621,0
DA:3625,0
DA:3626,0
DA:3630,0
DA:3635,0
DA:3636,0
DA:3640,0
DA:3645,0
DA:3646,0
DA:3650,0
DA:3655,0
DA:3656,0
DA:3660,0
DA:3665,0
DA:3666,0
DA:3670,0
DA:3675,0
DA:3676,0
DA:3680,0
DA:3681,0
DA:3685,0
DA:3686,0
DA:3690,0
DA:3691,0
DA:3695,0
DA:3696,0
DA:3700,0
DA:3705,0
DA:3706,0
DA:3710,0
DA:3715,0
DA:3716,0
DA:3720,0
DA:3725,0
DA:3726,0
DA:3730,0
DA:3735,0
DA:3736,0
DA:3740,0
DA:3745,0
DA:3746,0
DA:3750,0
DA:3751,0
DA:3755,0
DA:3756,0
DA:3760,0
DA:3765,0
DA:3766,0
DA:3770,0
DA:3771,0
DA:3775,0
DA:3776,0
DA:3780,0
DA:3785,0
DA:3786,0
DA:3790,0
DA:3795,0
DA:3796,0
DA:3800,0
DA:3805,0
DA:3806,0
DA:3810,0
DA:3815,0
DA:3816,0
DA:3820,0
DA:3825,0
DA:3826,0
DA:3830,0
DA:3835,0
DA:3836,0
DA:3840,0
DA:3841,0
DA:3845,0
DA:3846,0
DA:3850,0
DA:3855,0
DA:3856,0
DA:3860,0
DA:3861,0
DA:3865,0
DA:3866,0
DA:3870,0
DA:3875,0
DA:3876,0
DA:3880,0
DA:3881,0
DA:3885,0
DA:3886,0
DA:3890,0
DA:3895,0
DA:3896,0
DA:3900,0
DA:3901,0
DA:3905,0
DA:3910,0
DA:3911,0
DA:3915,0
DA:3920,0
DA:3921,0
DA:3925,0
DA:3930,0
DA:3931,0
DA:3935,0
DA:3940,0
DA:3941,0
DA:3945,0
DA:3950,0
DA:3951,0
DA:3955,0
DA:3960,0
DA:3961,0
DA:3965,0
DA:3970,0
DA:3971,0
DA:3975,0
DA:3980,0
DA:3981,0
DA:3985,0
DA:3990,0
DA:3991,0
DA:3995,0
DA:4000,0
DA:4001,0
DA:4005,0
DA:4010,0
DA:4011,0
DA:4015,0
DA:4020,0
DA:4021,0
DA:4025,0
DA:4030,0
DA:4031,0
DA:4035,0
DA:4040,0
DA:4041,0
DA:4045,0
DA:4050,0
DA:4051,0
DA:4055,0
DA:4060,0
DA:4061,0
DA:4065,0
DA:4070,0
DA:4071,0
DA:4075,0
DA:4080,0
DA:4081,0
DA:4085,0
DA:4090,0
DA:4091,0
DA:4095,0
DA:4100,0
DA:4101,0
DA:4105,0
DA:4110,0
DA:4111,0
DA:4115,0
DA:4120,0
DA:4121,0
DA:4125,0
DA:4130,0
DA:4131,0
DA:4135,0
DA:4136,0
DA:4140,0
DA:4145,0
DA:4146,0
DA:4150,0
DA:4151,0
DA:4155,0
DA:4160,0
DA:4161,0
DA:4165,0
DA:4170,0
DA:4171,0
DA:4175,0
DA:4180,0
DA:4181,0
DA:4185,0
DA:4190,0
DA:4191,0
DA:4195,0
DA:4200,0
DA:4201,0
DA:4205,0
DA:4210,0
DA:4211,0
DA:4215,0
DA:4220,0
DA:4221,0
DA:4225,0
DA:4230,0
DA:4231,0
DA:4235,0
DA:4240,0
DA:4241,0
DA:4245,0
DA:4250,0
DA:4251,0
DA:4255,0
DA:4260,0
DA:4261,0
DA:4265,0
DA:4270,0
DA:4271,0
DA:4275,0
DA:4280,0
DA:4281,0
DA:4285,0
DA:4290,0
DA:4291,0
DA:4295,0
DA:4300,0
DA:4301,0
DA:4305,0
DA:4310,0
DA:4311,0
DA:4315,0
DA:4320,0
DA:4321,0
DA:4325,0
DA:4330,0
DA:4331,0
DA:4335,0
DA:4340,0
DA:4341,0
DA:4345,0
DA:4350,0
DA:4351,0
DA:4355,0
DA:4360,0
DA:4361,0
DA:4365,0
DA:4370,0
DA:4371,0
DA:4375,0
DA:4380,0
DA:4381,0
DA:4385,0
DA:4390,0
DA:4391,0
DA:4395,0
DA:4400,0
DA:4401,0
DA:4405,0
DA:4410,0
DA:4411,0
DA:4415,0
DA:4420,0
DA:4421,0
DA:4425,0
DA:4430,0
DA:4431,0
DA:4435,0
DA:4440,0
DA:4441,0
DA:4445,0
DA:4450,0
DA:4451,0
DA:4455,0
DA:4460,0
DA:4461,0
DA:4465,0
DA:4470,0
DA:4471,0
DA:4475,0
DA:4480,0
DA:4481,0
DA:4485,0
DA:4486,0
DA:4490,0
DA:4491,0
DA:4495,0
DA:4500,0
DA:4501,0
DA:4505,0
DA:4510,0
DA:4511,0
DA:4515,0
DA:4520,0
DA:4521,0
DA:4525,0
DA:4530,0
DA:4531,0
DA:4535,0
DA:4540,0
DA:4541,0
DA:4545,0
DA:4550,0
DA:4551,0
DA:4555,0
DA:4560,0
DA:4561,0
DA:4565,0
DA:4570,0
DA:4571,0
DA:4575,0
DA:4580,0
DA:4581,0
DA:4585,0
DA:4590,0
DA:4591,0
DA:4592,0
DA:4595,0
DA:4600,0
DA:4601,0
DA:4605,0
DA:4610,0
DA:4611,0
DA:4612,0
DA:4615,0
DA:4620,0
DA:4621,0
DA:4625,0
DA:4630,0
DA:4631,0
DA:4635,0
DA:4640,0
DA:4641,0
DA:4645,0
DA:4650,0
DA:4651,0
DA:4655,0
DA:4660,0
DA:4661,0
DA:4665,0
DA:4670,0
DA:4671,0
DA:4675,0
DA:4680,0
DA:4681,0
DA:4682,0
DA:4685,0
DA:4690,0
DA:4691,0
DA:4692,0
DA:4695,0
DA:4700,0
DA:4701,0
DA:4705,0
DA:4706,0
DA:4710,0
DA:4715,0
DA:4716,0
DA:4720,0
DA:4721,0
DA:4725,0
DA:4726,0
DA:4730,0
DA:4735,0
DA:4736,0
DA:4740,0
DA:4745,0
DA:4746,0
DA:4750,0
DA:4755,0
DA:4756,0
DA:4760,0
DA:4765,0
DA:4766,0
DA:4770,0
DA:4775,0
DA:4776,0
DA:4780,0
DA:4785,0
DA:4786,0
DA:4790,0
DA:4795,0
DA:4796,0
DA:4797,0
DA:4800,0
DA:4805,0
DA:4806,0
DA:4810,0
DA:4811,0
DA:4815,0
DA:4816,0
DA:4820,0
DA:4825,0
DA:4826,0
DA:4830,0
DA:4835,0
DA:4836,0
DA:4840,0
DA:4845,0
DA:4846,0
DA:4850,0
DA:4855,0
DA:4856,0
DA:4860,0
DA:4865,0
DA:4866,0
DA:4870,0
DA:4875,0
DA:4876,0
DA:4880,0
DA:4885,0
DA:4886,0
DA:4890,0
DA:4895,0
DA:4896,0
DA:4900,0
DA:4905,0
DA:4906,0
DA:4910,0
DA:4915,0
DA:4916,0
DA:4920,0
DA:4925,0
DA:4926,0
DA:4930,0
DA:4935,0
DA:4936,0
DA:4940,0
DA:4945,0
DA:4946,0
DA:4950,0
DA:4955,0
DA:4956,0
DA:4960,0
DA:4965,0
DA:4966,0
DA:4970,0
DA:4975,0
DA:4976,0
DA:4980,0
DA:4985,0
DA:4986,0
DA:4990,0
DA:4995,0
DA:4996,0
DA:5000,0
DA:5005,0
DA:5006,0
DA:5010,0
DA:5015,0
DA:5016,0
DA:5020,0
DA:5025,0
DA:5026,0
DA:5030,0
DA:5035,0
DA:5036,0
DA:5040,0
DA:5045,0
DA:5046,0
DA:5050,0
DA:5051,0
DA:5055,0
DA:5056,0
DA:5060,0
DA:5061,0
DA:5065,0
DA:5066,0
DA:5070,0
DA:5075,0
DA:5076,0
DA:5080,0
DA:5085,0
DA:5086,0
DA:5090,0
DA:5095,0
DA:5096,0
DA:5100,0
DA:5105,0
DA:5106,0
DA:5107,0
DA:5110,0
DA:5115,0
DA:5116,0
DA:5120,0
DA:5125,0
DA:5126,0
DA:5127,0
DA:5130,0
DA:5135,0
DA:5136,0
DA:5140,0
DA:5141,0
DA:5145,0
DA:5150,0
DA:5151,0
DA:5152,0
DA:5155,0
DA:5160,0
DA:5161,0
DA:5165,0
DA:5166,0
DA:5167,0
DA:5170,0
DA:5175,0
DA:5176,0
DA:5180,0
DA:5185,0
DA:5186,0
DA:5187,0
DA:5190,0
DA:5195,0
DA:5196,0
DA:5200,0
DA:5205,0
DA:5206,0
DA:5210,0
DA:5215,0
DA:5216,0
DA:5220,0
DA:5225,0
DA:5226,0
DA:5230,0
DA:5235,0
DA:5236,0
DA:5240,0
DA:5245,0
DA:5246,0
DA:5250,0
DA:5251,0
DA:5255,0
DA:5260,0
DA:5261,0
DA:5265,0
DA:5266,0
DA:5270,0
DA:5275,0
DA:5276,0
DA:5280,0
DA:5285,0
DA:5286,0
DA:5290,0
DA:5295,0
DA:5296,0
DA:5300,0
DA:5305,0
DA:5306,0
DA:5310,0
DA:5311,0
DA:5315,0
DA:5320,0
DA:5321,0
DA:5325,0
DA:5330,0
DA:5331,0
DA:5335,0
DA:5340,0
DA:5341,0
DA:5345,0
DA:5350,0
DA:5351,0
DA:5355,0
DA:5360,0
DA:5361,0
DA:5365,0
DA:5370,0
DA:5371,0
DA:5375,0
DA:5376,0
DA:5380,0
DA:5385,0
DA:5386,0
DA:5390,0
DA:5395,0
DA:5396,0
DA:5400,0
DA:5401,0
DA:5405,0
DA:5406,0
DA:5410,0
DA:5411,0
DA:5415,0
DA:5420,0
DA:5421,0
DA:5425,0
DA:5430,0
DA:5431,0
DA:5435,0
DA:5440,0
DA:5441,0
DA:5445,0
DA:5450,0
DA:5451,0
DA:5455,0
DA:5460,0
DA:5461,0
DA:5465,0
DA:5470,0
DA:5471,0
DA:5475,0
DA:5480,0
DA:5481,0
DA:5485,0
DA:5490,0
DA:5491,0
DA:5495,0
DA:5500,0
DA:5501,0
DA:5505,0
DA:5510,0
DA:5511,0
DA:5515,0
DA:5520,0
DA:5521,0
DA:5525,0
DA:5530,0
DA:5531,0
DA:5535,0
DA:5540,0
DA:5541,0
DA:5545,0
DA:5550,0
DA:5551,0
DA:5555,0
DA:5560,0
DA:5561,0
DA:5565,0
DA:5570,0
DA:5571,0
DA:5575,0
DA:5576,0
DA:5580,0
DA:5581,0
DA:5585,0
DA:5590,0
DA:5591,0
DA:5595,0
DA:5600,0
DA:5601,0
DA:5605,0
DA:5610,0
DA:5611,0
DA:5612,0
DA:5615,0
DA:5620,0
DA:5621,0
DA:5625,0
DA:5630,0
DA:5631,0
DA:5635,0
DA:5640,0
DA:5641,0
DA:5645,0
DA:5650,0
DA:5651,0
DA:5655,0
DA:5660,0
DA:5661,0
DA:5665,0
DA:5670,0
DA:5671,0
DA:5675,0
DA:5680,0
DA:5681,0
DA:5685,0
DA:5690,0
DA:5691,0
DA:5695,0
DA:5696,0
DA:5700,0
DA:5705,0
DA:5706,0
DA:5710,0
DA:5711,0
DA:5715,0
DA:5720,0
DA:5721,0
DA:5725,0
DA:5730,0
DA:5731,0
DA:5735,0
DA:5740,0
DA:5741,0
DA:5745,0
DA:5750,0
DA:5751,0
DA:5755,0
DA:5760,0
DA:5761,0
DA:5765,0
DA:5770,0
DA:5771,0
DA:5775,0
DA:5776,0
DA:5780,0
DA:5781,0
DA:5785,0
DA:5790,0
DA:5791,0
DA:5795,0
DA:5796,0
DA:5800,0
DA:5801,0
DA:5805,0
DA:5810,0
DA:5811,0
DA:5815,0
DA:5820,0
DA:5821,0
DA:5825,0
DA:5826,0
DA:5830,0
DA:5835,0
DA:5836,0
DA:5840,0
DA:5841,0
DA:5845,0
DA:5846,0
DA:5850,0
DA:5855,0
DA:5856,0
DA:5860,0
DA:5865,0
DA:5866,0
DA:5870,0
DA:5875,0
DA:5876,0
DA:5880,0
DA:5881,0
DA:5885,0
DA:5886,0
DA:5887,0
DA:5890,0
DA:5895,0
DA:5896,0
DA:5900,0
DA:5905,0
DA:5906,0
DA:5910,0
DA:5911,0
DA:5915,0
DA:5916,0
DA:5920,0
DA:5921,0
DA:5925,0
DA:5926,0
DA:5930,0
DA:5931,0
DA:5935,0
DA:5940,0
DA:5941,0
DA:5945,0
DA:5950,0
DA:5951,0
DA:5955,0
DA:5960,0
DA:5961,0
DA:5965,0
DA:5966,0
DA:5970,0
DA:5975,0
DA:5976,0
DA:5980,0
DA:5985,0
DA:5986,0
DA:5990,0
DA:5995,0
DA:5996,0
DA:6000,0
DA:6005,0
DA:6006,0
DA:6010,0
DA:6015,0
DA:6016,0
DA:6020,0
DA:6025,0
DA:6026,0
DA:6030,0
DA:6035,0
DA:6036,0
DA:6040,0
DA:6045,0
DA:6046,0
DA:6050,0
DA:6055,0
DA:6056,0
DA:6060,0
DA:6065,0
DA:6066,0
DA:6070,0
DA:6075,0
DA:6076,0
DA:6080,0
DA:6081,0
DA:6085,0
DA:6086,0
DA:6090,0
DA:6091,0
DA:6095,0
DA:6096,0
DA:6100,0
DA:6101,0
DA:6105,0
DA:6110,0
DA:6111,0
DA:6115,0
DA:6120,0
DA:6121,0
DA:6125,0
DA:6126,0
DA:6130,0
DA:6131,0
DA:6135,0
DA:6136,0
DA:6140,0
DA:6141,0
DA:6145,0
DA:6150,0
DA:6151,0
DA:6155,0
DA:6156,0
DA:6160,0
DA:6165,0
DA:6166,0
DA:6170,0
DA:6171,0
DA:6175,0
DA:6176,0
DA:6180,0
DA:6185,0
DA:6186,0
DA:6190,0
DA:6195,0
DA:6196,0
DA:6200,0
DA:6205,0
DA:6206,0
DA:6210,0
DA:6215,0
DA:6216,0
DA:6220,0
DA:6225,0
DA:6226,0
DA:6230,0
DA:6235,0
DA:6236,0
DA:6240,0
DA:6245,0
DA:6246,0
DA:6250,0
DA:6255,0
DA:6256,0
DA:6260,0
DA:6265,0
DA:6266,0
DA:6270,0
DA:6275,0
DA:6276,0
DA:6280,0
DA:6281,0
DA:6285,0
DA:6286,0
DA:6290,0
DA:6291,0
DA:6295,0
DA:6300,0
DA:6301,0
DA:6305,0
DA:6310,0
DA:6311,0
DA:6315,0
DA:6316,0
DA:6320,0
DA:6325,0
DA:6326,0
DA:6330,0
DA:6335,0
DA:6336,0
DA:6340,0
DA:6345,0
DA:6346,0
DA:6350,0
DA:6355,0
DA:6356,0
DA:6360,0
DA:6365,0
DA:6366,0
DA:6370,0
DA:6375,0
DA:6376,0
DA:6380,0
DA:6385,0
DA:6386,0
DA:6390,0
DA:6395,0
DA:6396,0
DA:6400,0
DA:6405,0
DA:6406,0
DA:6410,0
DA:6415,0
DA:6416,0
DA:6420,0
DA:6421,0
DA:6425,0
DA:6430,0
DA:6431,0
DA:6435,0
DA:6436,0
DA:6440,0
DA:6441,0
DA:6445,0
DA:6450,0
DA:6451,0
DA:6455,0
DA:6460,0
DA:6461,0
DA:6465,0
DA:6470,0
DA:6471,0
DA:6475,0
DA:6480,0
DA:6481,0
DA:6485,0
DA:6490,0
DA:6491,0
DA:6495,0
DA:6500,0
DA:6501,0
DA:6505,0
DA:6510,0
DA:6511,0
DA:6515,0
DA:6520,0
DA:6521,0
DA:6525,0
DA:6530,0
DA:6531,0
DA:6535,0
DA:6540,0
DA:6541,0
DA:6545,0
DA:6550,0
DA:6551,0
DA:6555,0
DA:6560,0
DA:6561,0
DA:6565,0
DA:6566,0
DA:6570,0
DA:6575,0
DA:6576,0
DA:6580,0
DA:6585,0
DA:6586,0
DA:6590,0
DA:6595,0
DA:6596,0
DA:6600,0
DA:6605,0
DA:6606,0
DA:6610,0
DA:6611,0
DA:6615,0
DA:6616,0
DA:6620,0
DA:6625,0
DA:6626,0
DA:6630,0
DA:6631,0
DA:6635,0
DA:6640,0
DA:6641,0
DA:6645,0
DA:6650,0
DA:6651,0
DA:6655,0
DA:6660,0
DA:6661,0
DA:6665,0
DA:6670,0
DA:6671,0
DA:6672,0
DA:6675,0
DA:6680,0
DA:6681,0
DA:6682,0
DA:6685,0
DA:6690,0
DA:6691,0
DA:6695,0
DA:6696,0
DA:6700,0
DA:6701,0
DA:6705,0
DA:6710,0
DA:6711,0
DA:6715,0
DA:6720,0
DA:6721,0
DA:6725,0
DA:6730,0
DA:6731,0
DA:6735,0
DA:6740,0
DA:6741,0
DA:6745,0
DA:6746,0
DA:6750,0
DA:6755,0
DA:6756,0
DA:6760,0
DA:6761,0
DA:6765,0
DA:6770,0
DA:6771,0
DA:6775,0
DA:6780,0
DA:6781,0
DA:6785,0
DA:6790,0
DA:6791,0
DA:6795,0
DA:6800,0
DA:6801,0
DA:6805,0
DA:6810,0
DA:6811,0
DA:6815,0
DA:6816,0
DA:6820,0
DA:6821,0
DA:6825,0
DA:6826,0
DA:6830,0
DA:6835,0
DA:6836,0
DA:6840,0
DA:6845,0
DA:6846,0
DA:6850,0
DA:6855,0
DA:6856,0
DA:6860,0
DA:6865,0
DA:6866,0
DA:6870,0
DA:6875,0
DA:6876,0
DA:6880,0
DA:6885,0
DA:6886,0
DA:6890,0
DA:6891,0
DA:6895,0
DA:6900,0
DA:6901,0
DA:6905,0
DA:6910,0
DA:6911,0
DA:6915,0
DA:6920,0
DA:6921,0
DA:6925,0
DA:6930,0
DA:6931,0
DA:6935,0
DA:6936,0
DA:6940,0
DA:6941,0
DA:6945,0
DA:6946,0
DA:6950,0
DA:6951,0
DA:6955,0
DA:6960,0
DA:6961,0
DA:6965,0
DA:6970,0
DA:6971,0
DA:6975,0
DA:6980,0
DA:6981,0
DA:6985,0
DA:6990,0
DA:6991,0
DA:6995,0
DA:7000,0
DA:7001,0
DA:7005,0
DA:7010,0
DA:7011,0
DA:7015,0
DA:7020,0
DA:7021,0
DA:7025,0
DA:7030,0
DA:7031,0
DA:7035,0
DA:7040,0
DA:7041,0
DA:7045,0
DA:7050,0
DA:7051,0
DA:7055,0
DA:7056,0
DA:7060,0
DA:7065,0
DA:7066,0
DA:7070,0
DA:7075,0
DA:7076,0
DA:7080,0
DA:7081,0
DA:7085,0
DA:7090,0
DA:7091,0
DA:7095,0
DA:7096,0
DA:7100,0
DA:7105,0
DA:7106,0
DA:7110,0
DA:7111,0
DA:7115,0
DA:7120,0
DA:7121,0
DA:7125,0
DA:7126,0
DA:7130,0
DA:7135,0
DA:7136,0
DA:7140,0
DA:7145,0
DA:7146,0
DA:7150,0
DA:7155,0
DA:7156,0
DA:7160,0
DA:7165,0
DA:7166,0
DA:7170,0
DA:7175,0
DA:7176,0
DA:7180,0
DA:7185,0
DA:7186,0
DA:7190,0
DA:7195,0
DA:7196,0
DA:7200,0
DA:7205,0
DA:7206,0
DA:7210,0
DA:7215,0
DA:7216,0
DA:7220,0
DA:7225,0
DA:7226,0
DA:7230,0
DA:7235,0
DA:7236,0
DA:7240,0
DA:7241,0
DA:7245,0
DA:7246,0
DA:7250,0
DA:7251,0
DA:7255,0
DA:7260,0
DA:7261,0
DA:7265,0
DA:7266,0
DA:7270,0
DA:7271,0
DA:7275,0
DA:7276,0
DA:7280,0
DA:7281,0
DA:7285,0
DA:7286,0
DA:7290,0
DA:7291,0
DA:7295,0
DA:7300,0
DA:7301,0
DA:7305,0
DA:7306,0
DA:7310,0
DA:7311,0
DA:7315,0
DA:7320,0
DA:7321,0
DA:7325,0
DA:7326,0
DA:7330,0
DA:7331,0
DA:7335,0
DA:7336,0
DA:7341,1
DA:7343,0
DA:7350,0
DA:7351,0
DA:7352,0
DA:7353,0
DA:7354,0
DA:7357,0
DA:7358,0
DA:7359,0
LF:2335
LH:1
end_of_record
SF:lib/src/core/utils/enums.dart
DA:47,0
DA:48,0
DA:49,0
DA:112,0
DA:114,0
DA:115,0
DA:127,0
DA:129,0
DA:130,0
DA:168,0
DA:169,0
DA:170,0
DA:171,0
DA:173,0
DA:175,0
DA:177,0
DA:179,0
DA:181,0
DA:188,0
DA:190,0
DA:192,0
DA:194,0
DA:196,0
DA:201,0
DA:204,0
DA:205,0
DA:212,0
DA:214,0
DA:216,0
DA:218,0
DA:220,0
LF:31
LH:0
end_of_record
SF:lib/src/core/config/themes/language/arabic_language.dart
DA:10,0
DA:13,0
DA:16,0
DA:17,0
DA:19,0
DA:21,0
DA:22,0
DA:26,0
DA:29,0
DA:33,0
DA:36,0
DA:40,0
DA:43,0
DA:49,0
DA:52,0
DA:56,0
DA:59,0
DA:63,0
DA:66,0
DA:69,0
DA:72,0
DA:75,0
DA:78,0
DA:81,0
DA:85,0
DA:88,0
DA:92,0
DA:95,0
DA:99,0
DA:102,0
LF:30
LH:0
end_of_record
SF:lib/src/core/config/themes/language/english_language.dart
DA:10,0
DA:13,0
DA:16,0
DA:17,0
DA:19,0
DA:21,0
DA:22,0
DA:26,0
DA:29,0
DA:33,0
DA:36,0
DA:40,0
DA:43,0
DA:49,0
DA:52,0
DA:56,0
DA:59,0
DA:63,0
DA:66,0
DA:69,0
DA:72,0
DA:75,0
DA:78,0
DA:81,0
DA:85,0
DA:88,0
DA:92,0
DA:95,0
DA:99,0
DA:102,0
LF:30
LH:0
end_of_record
SF:lib/src/core/config/themes/language_manager.dart
DA:14,0
DA:16,0
DA:17,0
DA:19,0
DA:22,0
DA:26,0
DA:27,0
DA:33,0
DA:40,0
DA:42,0
DA:43,0
DA:48,0
DA:49,0
DA:53,0
DA:54,0
DA:57,0
DA:58,0
LF:17
LH:0
end_of_record
SF:lib/src/core/utils/constant.dart
DA:9,0
DA:10,0
DA:12,0
DA:15,0
DA:16,0
DA:19,0
DA:20,0
DA:21,0
DA:24,0
DA:25,0
DA:26,0
DA:27,0
DA:28,0
DA:30,0
DA:31,0
DA:32,0
DA:52,0
DA:54,0
DA:57,0
DA:58,0
DA:70,0
DA:72,0
DA:73,0
DA:74,0
LF:24
LH:0
end_of_record
SF:lib/src/core/config/themes/theme/theme_manager.dart
DA:19,0
DA:20,0
DA:26,0
DA:28,0
DA:30,0
DA:32,0
DA:33,0
DA:36,0
DA:39,0
DA:41,0
DA:43,0
DA:47,0
DA:48,0
DA:49,0
DA:54,0
DA:55,0
DA:62,0
DA:66,0
DA:70,0
DA:71,0
DA:72,0
DA:75,0
DA:82,0
DA:116,0
DA:117,0
DA:118,0
DA:120,0
DA:121,0
DA:123,0
DA:124,0
DA:128,0
DA:136,0
DA:139,0
DA:140,0
DA:141,0
DA:147,0
DA:153,0
DA:161,0
DA:163,0
DA:164,0
DA:166,0
DA:168,0
DA:170,0
DA:172,0
DA:178,0
DA:179,0
DA:182,0
DA:183,0
DA:189,0
DA:190,0
DA:198,0
DA:199,0
DA:200,0
DA:203,0
DA:205,0
DA:208,0
DA:209,0
DA:210,0
LF:58
LH:0
end_of_record
SF:lib/src/core/error/app_exception.dart
DA:15,0
DA:17,0
DA:19,0
DA:20,0
DA:22,0
DA:23,0
DA:24,0
DA:25,0
DA:26,0
DA:29,0
DA:30,0
DA:31,0
DA:32,0
DA:35,0
DA:36,0
DA:37,0
DA:38,0
DA:41,0
DA:42,0
DA:43,0
DA:44,0
DA:47,0
DA:48,0
DA:49,0
DA:50,0
DA:53,0
DA:54,0
DA:55,0
DA:56,0
DA:59,0
DA:60,0
DA:61,0
DA:62,0
DA:64,0
DA:65,0
DA:67,0
DA:71,0
DA:73,0
DA:74,0
DA:76,0
DA:78,0
DA:85,0
DA:86,0
DA:87,0
DA:88,0
DA:89,0
DA:91,0
DA:92,0
DA:97,0
DA:99,0
DA:100,0
DA:101,0
DA:103,0
DA:106,0
DA:109,0
DA:110,0
DA:112,0
DA:113,0
DA:115,0
DA:116,0
DA:118,0
DA:119,0
DA:121,0
DA:122,0
DA:124,0
DA:125,0
DA:127,0
DA:128,0
DA:130,0
DA:131,0
DA:133,0
DA:134,0
DA:136,0
DA:137,0
DA:139,0
DA:140,0
DA:142,0
DA:143,0
DA:145,0
DA:146,0
DA:148,0
DA:149,0
DA:151,0
DA:152,0
DA:154,0
DA:155,0
DA:157,0
DA:158,0
DA:160,0
DA:161,0
DA:163,0
DA:164,0
DA:166,0
DA:167,0
DA:169,0
DA:170,0
DA:172,0
DA:173,0
DA:175,0
DA:176,0
DA:178,0
DA:179,0
DA:181,0
DA:182,0
DA:184,0
DA:185,0
DA:187,0
DA:188,0
DA:190,0
DA:191,0
DA:193,0
DA:194,0
DA:196,0
DA:197,0
DA:199,0
DA:200,0
DA:202,0
DA:203,0
DA:205,0
DA:206,0
DA:208,0
DA:209,0
DA:211,0
DA:212,0
DA:214,0
DA:215,0
DA:217,0
DA:218,0
DA:220,0
DA:221,0
DA:223,0
DA:224,0
DA:226,0
DA:227,0
DA:229,0
DA:230,0
DA:233,0
LF:137
LH:0
end_of_record
SF:lib/src/core/utils/app_logger.dart
DA:6,0
DA:8,0
DA:11,0
DA:12,0
DA:17,0
DA:18,0
DA:29,0
DA:31,0
DA:35,0
DA:37,0
DA:41,0
DA:43,0
DA:47,0
DA:49,0
DA:53,0
DA:55,0
DA:62,0
DA:64,0
LF:18
LH:0
end_of_record
SF:lib/src/core/error/error.dart
DA:14,0
LF:1
LH:0
end_of_record
SF:lib/src/core/error/error.g.dart
DA:9,0
DA:10,0
DA:11,0
DA:12,0
DA:15,0
DA:16,0
LF:6
LH:0
end_of_record
SF:lib/src/core/utils/extension.dart
DA:30,0
DA:35,0
DA:36,0
DA:42,0
DA:43,0
DA:44,0
DA:45,0
DA:48,0
DA:50,0
DA:58,0
DA:60,0
DA:61,0
DA:63,0
DA:64,0
DA:72,0
DA:73,0
DA:75,0
DA:76,0
DA:77,0
DA:78,0
DA:79,0
DA:89,0
DA:91,0
DA:92,0
DA:93,0
DA:94,0
DA:95,0
DA:96,0
DA:97,0
DA:98,0
DA:99,0
DA:104,0
DA:106,0
DA:108,0
DA:110,0
DA:114,0
DA:116,0
DA:117,0
DA:119,0
DA:120,0
DA:121,0
DA:124,0
DA:125,0
DA:127,0
DA:128,0
DA:130,0
DA:132,0
DA:133,0
DA:134,0
DA:135,0
DA:138,0
DA:140,0
DA:141,0
DA:142,0
DA:145,0
DA:146,0
DA:152,0
DA:153,0
DA:155,0
DA:157,0
DA:160,0
DA:161,0
DA:162,0
DA:165,0
DA:166,0
DA:167,0
DA:169,0
DA:170,0
DA:171,0
DA:178,0
DA:183,0
DA:189,0
DA:190,0
DA:191,0
DA:192,0
DA:213,0
DA:214,0
DA:215,0
DA:216,0
DA:217,0
DA:218,0
DA:219,0
DA:220,0
DA:221,0
DA:222,0
DA:223,0
DA:224,0
DA:225,0
DA:226,0
DA:227,0
DA:231,0
DA:232,0
DA:234,0
DA:235,0
DA:237,0
DA:238,0
DA:239,0
DA:300,0
DA:301,0
DA:305,0
DA:306,0
DA:310,0
DA:311,0
DA:312,0
DA:316,0
DA:318,0
DA:319,0
DA:322,0
DA:326,0
DA:328,0
DA:330,0
DA:334,0
DA:337,0
DA:338,0
DA:339,0
DA:341,0
DA:342,0
DA:350,0
DA:351,0
DA:355,0
DA:362,0
DA:365,0
DA:367,0
DA:369,0
DA:370,0
DA:380,0
DA:382,0
DA:385,0
DA:386,0
DA:397,0
DA:398,0
DA:399,0
DA:403,0
DA:405,0
DA:407,0
DA:408,0
DA:410,0
DA:411,0
DA:412,0
DA:413,0
DA:415,0
DA:416,0
DA:417,0
DA:418,0
DA:419,0
DA:420,0
DA:423,0
DA:424,0
DA:434,0
DA:440,0
DA:442,0
DA:443,0
DA:446,0
DA:449,0
DA:450,0
DA:452,0
DA:453,0
DA:460,0
DA:461,0
DA:468,0
DA:469,0
DA:475,0
DA:476,0
DA:479,0
DA:480,0
DA:481,0
DA:486,0
DA:491,0
DA:492,0
DA:493,0
DA:494,0
DA:495,0
DA:500,0
DA:509,0
DA:510,0
DA:511,0
DA:513,0
DA:515,0
DA:517,0
DA:518,0
DA:519,0
DA:521,0
DA:522,0
DA:523,0
DA:531,0
DA:532,0
DA:533,0
DA:535,0
DA:536,0
DA:538,0
DA:540,0
DA:543,0
DA:544,0
DA:545,0
DA:546,0
DA:553,0
DA:556,0
DA:560,0
DA:561,0
DA:562,0
DA:565,0
DA:566,0
DA:570,0
DA:571,0
DA:572,0
DA:575,0
DA:576,0
DA:578,0
DA:580,0
DA:581,0
DA:582,0
DA:587,0
DA:595,0
DA:601,0
DA:603,0
DA:605,0
DA:606,0
DA:608,0
DA:609,0
DA:610,0
DA:612,0
DA:613,0
DA:614,0
DA:616,0
DA:617,0
DA:618,0
DA:620,0
DA:622,0
DA:623,0
DA:624,0
DA:626,0
DA:627,0
DA:629,0
DA:631,0
DA:634,0
DA:635,0
DA:637,0
DA:642,0
DA:644,0
DA:655,0
DA:661,0
DA:662,0
DA:664,0
DA:666,0
DA:668,0
DA:669,0
DA:670,0
DA:672,0
DA:673,0
DA:674,0
DA:682,0
DA:683,0
DA:684,0
DA:686,0
DA:687,0
DA:689,0
DA:691,0
DA:694,0
DA:695,0
DA:697,0
DA:704,0
DA:707,0
DA:711,0
DA:712,0
DA:713,0
DA:716,0
DA:717,0
DA:721,0
DA:722,0
DA:723,0
DA:726,0
DA:727,0
DA:729,0
DA:731,0
DA:732,0
DA:733,0
DA:738,0
DA:746,0
DA:752,0
DA:753,0
DA:754,0
DA:759,0
DA:763,0
DA:764,0
DA:765,0
DA:767,0
DA:769,0
DA:771,0
DA:772,0
DA:773,0
DA:775,0
DA:776,0
DA:777,0
DA:785,0
DA:786,0
DA:787,0
DA:789,0
DA:790,0
DA:792,0
DA:794,0
DA:797,0
DA:798,0
DA:800,0
DA:807,0
DA:810,0
DA:814,0
DA:815,0
DA:816,0
DA:819,0
DA:820,0
DA:822,0
DA:824,0
DA:825,0
DA:826,0
DA:831,0
DA:839,0
DA:841,0
DA:842,0
DA:843,0
DA:845,0
DA:848,0
DA:853,0
DA:855,0
DA:858,0
DA:859,0
DA:861,0
DA:862,0
DA:863,0
DA:864,0
DA:865,0
DA:867,0
DA:868,0
DA:870,0
DA:871,0
DA:874,0
DA:876,0
DA:877,0
DA:880,0
DA:881,0
DA:886,0
DA:888,0
DA:890,0
DA:895,0
DA:897,0
DA:899,0
DA:901,0
DA:902,0
DA:903,0
DA:905,0
DA:906,0
DA:908,0
DA:909,0
DA:912,0
DA:914,0
DA:915,0
DA:918,0
DA:919,0
DA:924,0
DA:926,0
DA:928,0
DA:931,0
DA:934,0
DA:939,0
DA:941,0
DA:943,0
DA:961,0
DA:962,0
DA:963,0
DA:967,0
DA:969,0
DA:971,0
DA:972,0
DA:973,0
DA:975,0
LF:374
LH:0
end_of_record
SF:lib/src/core/utils/interceptors/data_interceptor.dart
DA:8,0
DA:12,0
DA:14,0
DA:15,0
DA:18,0
DA:20,0
DA:22,0
DA:26,0
DA:27,0
DA:28,0
DA:29,0
DA:32,0
DA:35,0
DA:37,0
DA:40,0
DA:41,0
DA:45,0
DA:46,0
DA:48,0
DA:49,0
DA:53,0
DA:57,0
DA:59,0
DA:60,0
DA:62,0
DA:65,0
DA:66,0
DA:67,0
DA:68,0
DA:69,0
DA:70,0
DA:71,0
DA:72,0
DA:75,0
DA:81,0
DA:85,0
DA:86,0
DA:88,0
DA:89,0
DA:90,0
DA:91,0
DA:92,0
DA:93,0
DA:94,0
DA:95,0
DA:96,0
DA:104,0
DA:105,0
DA:106,0
DA:108,0
DA:111,0
DA:112,0
DA:113,0
LF:53
LH:0
end_of_record
SF:lib/src/core/utils/interceptors/log_interceptor.dart
DA:8,0
DA:38,0
DA:41,0
DA:42,0
DA:43,0
DA:44,0
DA:45,0
DA:47,0
DA:49,0
DA:75,0
DA:78,0
DA:81,0
DA:85,0
DA:88,0
DA:90,0
DA:101,0
LF:16
LH:0
end_of_record
SF:lib/src/core/services/environment_service.dart
DA:10,0
DA:15,0
DA:17,0
DA:25,0
DA:28,0
DA:31,0
DA:34,0
DA:37,0
DA:40,0
DA:43,0
DA:46,0
DA:49,0
DA:52,0
DA:55,0
DA:58,0
DA:61,0
DA:64,0
DA:67,0
LF:18
LH:0
end_of_record
SF:lib/src/domain/entities/user_model.dart
DA:7,0
DA:9,0
DA:15,0
DA:20,0
DA:21,0
DA:22,0
DA:25,0
DA:26,0
DA:27,0
DA:65,0
DA:100,0
DA:101,0
DA:102,0
DA:103,0
DA:104,0
DA:105,0
DA:106,0
DA:107,0
DA:108,0
DA:109,0
DA:110,0
DA:111,0
DA:112,0
DA:113,0
DA:114,0
DA:115,0
DA:116,0
DA:117,0
DA:118,0
DA:119,0
DA:120,0
DA:121,0
DA:122,0
DA:123,0
DA:124,0
DA:125,0
DA:126,0
DA:127,0
DA:128,0
DA:129,0
DA:130,0
DA:131,0
DA:132,0
DA:135,0
DA:136,0
DA:137,0
DA:138,0
DA:139,0
DA:140,0
DA:141,0
DA:142,0
DA:143,0
DA:144,0
DA:145,0
DA:146,0
DA:147,0
DA:148,0
DA:149,0
DA:150,0
DA:151,0
DA:152,0
DA:153,0
DA:154,0
DA:155,0
DA:156,0
DA:157,0
DA:158,0
DA:159,0
DA:160,0
DA:161,0
DA:162,0
DA:163,0
DA:164,0
DA:165,0
DA:166,0
DA:167,0
DA:175,0
DA:180,0
DA:181,0
DA:182,0
DA:185,0
DA:186,0
DA:187,0
LF:83
LH:0
end_of_record
SF:lib/src/presentation/view_model/blocs/data_bloc/api_data_bloc.dart
DA:28,0
DA:29,0
DA:33,0
DA:34,0
DA:36,0
DA:37,0
DA:38,0
DA:39,0
DA:42,0
DA:43,0
DA:44,0
DA:45,0
DA:48,0
DA:49,0
DA:51,0
DA:53,0
DA:56,0
DA:58,0
DA:66,0
DA:67,0
DA:68,0
DA:69,0
DA:75,0
DA:79,0
DA:80,0
DA:81,0
DA:83,0
DA:84,0
DA:85,0
DA:86,0
DA:88,0
DA:89,0
DA:94,0
DA:97,0
DA:98,0
DA:99,0
DA:100,0
DA:101,0
DA:102,0
DA:103,0
DA:104,0
DA:106,0
DA:107,0
DA:112,0
DA:115,0
DA:116,0
DA:117,0
DA:119,0
DA:120,0
DA:121,0
DA:122,0
DA:123,0
DA:124,0
DA:127,0
DA:128,0
DA:129,0
DA:134,0
DA:137,0
DA:138,0
DA:139,0
DA:140,0
DA:141,0
DA:142,0
DA:143,0
DA:145,0
DA:146,0
DA:151,0
DA:154,0
DA:155,0
DA:156,0
DA:157,0
DA:158,0
DA:159,0
DA:161,0
DA:162,0
DA:163,0
DA:164,0
DA:167,0
DA:168,0
DA:169,0
DA:170,0
DA:172,0
DA:173,0
DA:179,0
DA:180,0
DA:183,0
DA:184,0
DA:185,0
DA:186,0
DA:187,0
DA:188,0
DA:189,0
DA:191,0
DA:192,0
DA:193,0
DA:194,0
DA:197,0
DA:198,0
DA:199,0
DA:200,0
DA:202,0
DA:203,0
DA:209,0
DA:210,0
DA:213,0
DA:214,0
DA:215,0
DA:216,0
DA:218,0
DA:221,0
DA:224,0
DA:230,0
DA:231,0
DA:232,0
DA:234,0
DA:238,0
DA:240,0
DA:241,0
DA:242,0
DA:243,0
DA:244,0
DA:246,0
DA:247,0
DA:250,0
DA:251,0
LF:125
LH:0
end_of_record
SF:lib/src/presentation/view_model/blocs/bloc_assist.dart
DA:10,0
DA:11,0
DA:12,0
LF:3
LH:0
end_of_record
SF:lib/src/core/utils/api_info.dart
DA:18,0
DA:30,0
DA:33,0
DA:45,0
DA:46,0
DA:47,0
DA:48,0
DA:49,0
DA:50,0
DA:51,0
DA:52,0
DA:53,0
DA:54,0
DA:55,0
DA:59,0
DA:61,0
LF:16
LH:0
end_of_record
SF:lib/src/core/utils/dummy_responses.dart
DA:2,0
DA:3,0
DA:5,0
LF:3
LH:0
end_of_record
SF:lib/src/presentation/view/common/app_bar/image-viewer/controller/image_viewer_controller.dart
DA:17,0
DA:24,0
DA:33,0
DA:38,0
DA:40,0
DA:43,0
DA:48,0
DA:49,0
DA:51,0
DA:52,0
DA:53,0
DA:54,0
DA:58,0
DA:59,0
DA:62,0
DA:64,0
DA:66,0
DA:67,0
DA:69,0
DA:73,0
DA:77,0
DA:78,0
DA:81,0
DA:83,0
DA:85,0
DA:86,0
DA:88,0
DA:91,0
DA:95,0
DA:97,0
DA:103,0
DA:105,0
DA:106,0
DA:110,0
DA:111,0
DA:112,0
DA:113,0
DA:119,0
DA:128,0
DA:129,0
DA:130,0
DA:131,0
DA:134,0
DA:135,0
DA:138,0
DA:139,0
DA:142,0
DA:144,0
DA:146,0
DA:147,0
DA:148,0
DA:150,0
DA:151,0
DA:152,0
DA:155,0
DA:159,0
DA:162,0
DA:165,0
LF:58
LH:0
end_of_record
SF:lib/src/presentation/view/common/popup/overlay_alert.dart
DA:12,0
DA:23,0
DA:26,0
DA:27,0
DA:28,0
DA:41,0
DA:42,0
LF:7
LH:0
end_of_record
SF:lib/src/presentation/view/common/popup/overlay_body_widget.dart
DA:39,0
DA:51,0
DA:53,0
DA:54,0
DA:55,0
DA:56,0
DA:57,0
DA:58,0
DA:59,0
DA:60,0
DA:61,0
DA:62,0
DA:63,0
DA:64,0
DA:65,0
DA:68,0
DA:69,0
DA:71,0
DA:72,0
DA:73,0
DA:74,0
DA:76,0
DA:78,0
DA:81,0
DA:82,0
DA:83,0
DA:84,0
DA:85,0
DA:88,0
DA:89,0
DA:90,0
DA:91,0
DA:93,0
DA:94,0
DA:95,0
DA:96,0
DA:113,0
DA:115,0
DA:117,0
DA:119,0
DA:121,0
DA:122,0
DA:123,0
DA:128,0
DA:130,0
DA:135,0
DA:140,0
DA:145,0
DA:150,0
DA:151,0
DA:152,0
LF:51
LH:0
end_of_record
SF:lib/src/presentation/view/general/app_indicator.dart
DA:13,2
DA:14,0
DA:16,0
DA:17,0
DA:18,0
DA:19,0
DA:20,0
DA:21,0
LF:8
LH:1
end_of_record
SF:lib/src/core/utils/file_model.dart
DA:10,0
DA:15,0
DA:16,0
DA:17,0
DA:20,0
DA:21,0
LF:6
LH:0
end_of_record
SF:lib/src/core/utils/page_controller.dart
DA:10,0
DA:11,0
LF:2
LH:0
end_of_record
SF:lib/src/data/models/api_response_model.dart
DA:18,0
DA:25,0
DA:29,0
DA:30,0
DA:32,0
DA:33,0
DA:37,0
DA:42,0
DA:44,0
DA:46,0
DA:52,0
DA:54,0
DA:55,0
DA:56,0
DA:60,0
DA:66,0
DA:68,0
DA:69,0
DA:70,0
LF:19
LH:0
end_of_record
SF:lib/src/data/models/api_response_model.g.dart
DA:9,0
DA:12,0
DA:13,0
DA:14,0
DA:16,0
DA:18,0
DA:21,0
DA:24,0
DA:25,0
DA:26,0
DA:27,0
DA:30,0
DA:33,0
DA:35,0
DA:38,0
LF:15
LH:0
end_of_record
SF:lib/src/data/models/meta_pagination_model.dart
DA:21,0
DA:22,0
LF:2
LH:0
end_of_record
SF:lib/src/data/models/meta_pagination_model.g.dart
DA:9,0
DA:11,0
DA:12,0
DA:13,0
DA:14,0
DA:15,0
DA:18,0
DA:20,0
DA:21,0
DA:22,0
DA:23,0
DA:24,0
LF:12
LH:0
end_of_record
SF:lib/src/domain/entities/booking_model.dart
DA:9,0
DA:22,0
DA:24,0
DA:25,0
DA:37,0
LF:5
LH:0
end_of_record
SF:lib/src/domain/entities/booking_model.g.dart
DA:9,0
DA:10,0
DA:11,0
DA:12,0
DA:13,0
DA:15,0
DA:17,0
DA:18,0
DA:19,0
DA:20,0
DA:21,0
DA:22,0
DA:25,0
DA:26,0
DA:27,0
DA:28,0
DA:29,0
DA:30,0
DA:31,0
DA:32,0
DA:33,0
DA:34,0
DA:35,0
DA:38,0
DA:39,0
DA:40,0
DA:41,0
DA:42,0
DA:43,0
DA:46,0
DA:47,0
DA:48,0
DA:49,0
DA:50,0
DA:51,0
LF:35
LH:0
end_of_record
SF:lib/src/domain/entities/branch_model.dart
DA:16,0
DA:17,0
LF:2
LH:0
end_of_record
SF:lib/src/domain/entities/branch_model.g.dart
DA:9,0
DA:10,0
DA:11,0
DA:12,0
DA:13,0
DA:16,0
DA:17,0
DA:18,0
DA:19,0
DA:20,0
LF:10
LH:0
end_of_record
SF:lib/src/domain/entities/car_item_model.dart
DA:14,0
DA:16,0
DA:39,0
DA:50,0
DA:63,0
LF:5
LH:0
end_of_record
SF:lib/src/domain/entities/car_item_model.g.dart
DA:9,0
DA:11,0
DA:12,0
DA:13,0
DA:14,0
DA:15,0
DA:16,0
DA:17,0
DA:18,0
DA:19,0
DA:20,0
DA:21,0
DA:22,0
DA:24,0
DA:25,0
DA:26,0
DA:28,0
DA:30,0
DA:32,0
DA:34,0
DA:36,0
DA:38,0
DA:39,0
DA:43,0
DA:44,0
DA:45,0
DA:46,0
DA:47,0
DA:48,0
DA:49,0
DA:50,0
DA:51,0
DA:52,0
DA:53,0
DA:54,0
DA:55,0
DA:56,0
DA:57,0
DA:58,0
DA:59,0
DA:62,0
DA:63,0
DA:64,0
DA:65,0
DA:66,0
DA:69,0
DA:70,0
DA:71,0
DA:72,0
DA:73,0
DA:76,0
DA:77,0
DA:78,0
DA:79,0
DA:80,0
DA:81,0
DA:84,0
DA:85,0
DA:86,0
DA:87,0
DA:88,0
DA:89,0
LF:62
LH:0
end_of_record
SF:lib/src/domain/entities/city_model.dart
DA:15,0
DA:25,0
LF:2
LH:0
end_of_record
SF:lib/src/domain/entities/city_model.g.dart
DA:9,0
DA:10,0
DA:11,0
DA:12,0
DA:13,0
DA:16,0
DA:17,0
DA:18,0
DA:19,0
DA:20,0
DA:23,0
DA:24,0
DA:25,0
DA:27,0
DA:28,0
DA:29,0
DA:31,0
DA:32,0
DA:34,0
DA:35,0
DA:37,0
DA:39,0
DA:42,0
DA:43,0
DA:44,0
DA:45,0
LF:26
LH:0
end_of_record
SF:lib/src/domain/entities/contact_us_model.dart
DA:17,0
LF:1
LH:0
end_of_record
SF:lib/src/domain/entities/contact_us_model.g.dart
DA:9,0
DA:10,0
DA:11,0
DA:12,0
DA:13,0
DA:14,0
DA:15,0
DA:18,0
DA:20,0
DA:21,0
DA:22,0
DA:23,0
DA:24,0
DA:25,0
LF:14
LH:0
end_of_record
SF:lib/src/domain/entities/contract_model.dart
DA:7,0
DA:9,0
DA:37,0
DA:64,0
DA:65,0
DA:66,0
DA:67,0
DA:68,0
DA:69,0
DA:70,0
DA:71,0
DA:72,0
DA:73,0
DA:74,0
DA:75,0
DA:76,0
DA:77,0
DA:78,0
DA:79,0
DA:80,0
DA:81,0
DA:82,0
DA:83,0
DA:84,0
DA:85,0
DA:86,0
DA:87,0
DA:88,0
DA:91,0
DA:92,0
DA:93,0
DA:94,0
DA:95,0
DA:96,0
DA:97,0
DA:98,0
DA:99,0
DA:100,0
DA:101,0
DA:102,0
DA:103,0
DA:104,0
DA:105,0
DA:106,0
DA:107,0
DA:108,0
DA:109,0
DA:110,0
DA:111,0
DA:112,0
DA:113,0
DA:114,0
DA:115,0
LF:53
LH:0
end_of_record
SF:lib/src/domain/entities/correspondence_model.dart
DA:16,0
DA:26,0
DA:36,0
LF:3
LH:0
end_of_record
SF:lib/src/domain/entities/correspondence_model.g.dart
DA:9,0
DA:11,0
DA:12,0
DA:13,0
DA:14,0
DA:16,0
DA:17,0
DA:20,0
DA:22,0
DA:23,0
DA:24,0
DA:25,0
DA:26,0
DA:29,0
DA:30,0
DA:32,0
DA:33,0
DA:35,0
DA:36,0
DA:37,0
DA:38,0
DA:41,0
DA:42,0
LF:23
LH:0
end_of_record
SF:lib/src/domain/entities/customer_model.dart
DA:13,0
DA:14,0
DA:16,0
DA:45,0
DA:46,0
DA:61,0
DA:62,0
LF:7
LH:0
end_of_record
SF:lib/src/domain/entities/customer_model.g.dart
DA:9,0
DA:11,0
DA:12,0
DA:13,0
DA:14,0
DA:15,0
DA:16,0
DA:17,0
DA:18,0
DA:20,0
DA:22,0
DA:24,0
DA:26,0
DA:27,0
DA:28,0
DA:29,0
DA:30,0
DA:32,0
DA:34,0
DA:36,0
DA:38,0
DA:39,0
DA:40,0
DA:41,0
DA:42,0
DA:43,0
DA:44,0
DA:46,0
DA:47,0
DA:48,0
DA:51,0
DA:52,0
DA:53,0
DA:54,0
DA:55,0
DA:56,0
DA:57,0
DA:58,0
DA:59,0
DA:60,0
DA:61,0
DA:62,0
DA:63,0
DA:64,0
DA:65,0
DA:66,0
DA:67,0
DA:68,0
DA:69,0
DA:70,0
DA:71,0
DA:72,0
DA:73,0
DA:74,0
DA:77,0
DA:78,0
DA:79,0
DA:80,0
DA:81,0
DA:82,0
DA:83,0
DA:85,0
DA:87,0
DA:89,0
DA:91,0
DA:94,0
DA:95,0
DA:96,0
DA:97,0
DA:98,0
DA:99,0
DA:100,0
DA:101,0
DA:102,0
LF:74
LH:0
end_of_record
SF:lib/src/domain/entities/id_status_name_model.dart
DA:8,0
DA:9,0
DA:11,0
DA:12,0
DA:19,0
DA:25,0
DA:30,0
DA:31,0
DA:32,0
DA:33,0
DA:36,0
DA:37,0
DA:38,0
DA:41,0
DA:42,0
DA:45,0
DA:46,0
DA:48,0
DA:49,0
DA:50,0
DA:51,0
DA:55,0
DA:56,0
DA:57,0
DA:58,0
DA:61,0
DA:65,0
DA:68,0
DA:69,0
LF:29
LH:0
end_of_record
SF:lib/src/domain/entities/date_package_model.dart
DA:12,1
DA:19,0
DA:21,0
DA:23,0
DA:27,0
DA:28,0
DA:32,0
DA:35,0
DA:36,0
DA:37,0
DA:38,0
DA:41,0
DA:42,0
DA:43,0
DA:46,0
DA:47,0
DA:48,0
DA:56,0
DA:58,0
DA:59,0
DA:60,0
DA:66,0
DA:68,0
DA:74,0
DA:76,0
DA:80,0
LF:26
LH:1
end_of_record
SF:lib/src/domain/entities/date_package_model.g.dart
DA:9,0
DA:11,0
DA:12,0
DA:13,0
DA:14,0
DA:17,0
DA:19,0
DA:20,0
DA:21,0
DA:22,0
LF:10
LH:0
end_of_record
SF:lib/src/domain/entities/employee_model.dart
DA:7,0
DA:9,0
DA:20,0
DA:30,0
DA:31,0
DA:32,0
DA:33,0
DA:34,0
DA:35,0
DA:36,0
DA:37,0
DA:40,0
DA:41,0
DA:42,0
DA:43,0
DA:44,0
DA:45,0
DA:46,0
DA:47,0
LF:19
LH:0
end_of_record
SF:lib/src/domain/entities/engine_capacitiy.dart
DA:7,0
DA:9,0
DA:16,0
DA:22,0
DA:23,0
DA:24,0
DA:25,0
DA:28,0
DA:29,0
DA:30,0
DA:31,0
LF:11
LH:0
end_of_record
SF:lib/src/domain/entities/favorite_res_model.dart
DA:14,0
DA:15,0
DA:17,0
DA:18,0
DA:26,0
DA:27,0
LF:6
LH:0
end_of_record
SF:lib/src/domain/entities/favorite_res_model.g.dart
DA:9,0
DA:11,0
DA:13,0
DA:15,0
LF:4
LH:0
end_of_record
SF:lib/src/domain/entities/inspection_details_model.dart
DA:7,0
DA:8,0
DA:10,0
DA:11,0
DA:24,0
DA:36,0
DA:37,0
DA:38,0
DA:39,0
DA:40,0
DA:41,0
DA:42,0
DA:43,0
DA:44,0
DA:45,0
DA:46,0
DA:47,0
DA:48,0
DA:49,0
DA:52,0
DA:53,0
DA:54,0
DA:55,0
DA:56,0
DA:57,0
DA:58,0
DA:59,0
DA:60,0
DA:61,0
DA:62,0
DA:63,0
DA:72,0
DA:78,0
DA:79,0
DA:81,0
DA:82,0
DA:83,0
DA:84,0
DA:85,0
DA:86,0
DA:87,0
DA:88,0
DA:91,0
DA:92,0
DA:93,0
DA:94,0
DA:95,0
DA:104,0
DA:110,0
DA:111,0
DA:114,0
DA:115,0
DA:118,0
DA:119,0
DA:122,0
DA:123,0
DA:126,0
DA:127,0
DA:128,0
DA:129,0
DA:130,0
DA:133,0
DA:134,0
DA:135,0
DA:136,0
LF:65
LH:0
end_of_record
SF:lib/src/domain/entities/inspection_model.dart
DA:7,0
DA:9,0
DA:19,0
DA:28,0
DA:29,0
DA:30,0
DA:31,0
DA:32,0
DA:33,0
DA:34,0
DA:37,0
DA:38,0
DA:39,0
DA:40,0
DA:41,0
DA:42,0
DA:43,0
LF:17
LH:0
end_of_record
SF:lib/src/domain/entities/location_model.dart
DA:7,0
DA:8,0
DA:10,0
DA:22,0
DA:33,0
DA:34,0
DA:35,0
DA:36,0
DA:37,0
DA:38,0
DA:39,0
DA:40,0
DA:41,0
DA:44,0
DA:45,0
DA:46,0
DA:47,0
DA:48,0
DA:49,0
DA:50,0
DA:51,0
DA:52,0
DA:54,0
LF:23
LH:0
end_of_record
SF:lib/src/domain/entities/notification_model.dart
DA:9,0
DA:10,0
DA:12,0
DA:13,0
DA:22,0
DA:23,0
DA:30,0
DA:32,0
DA:36,0
DA:44,0
DA:45,0
DA:46,0
DA:47,0
DA:48,0
DA:50,0
DA:52,0
DA:54,0
DA:56,0
DA:59,0
DA:60,0
DA:61,0
DA:62,0
DA:64,0
DA:65,0
LF:24
LH:0
end_of_record
SF:lib/src/domain/entities/order_offer_model.dart
DA:19,0
LF:1
LH:0
end_of_record
SF:lib/src/domain/entities/order_offer_model.g.dart
DA:9,0
DA:11,0
DA:12,0
DA:13,0
DA:14,0
DA:15,0
DA:16,0
DA:17,0
DA:18,0
DA:21,0
DA:23,0
DA:24,0
DA:25,0
DA:26,0
DA:27,0
DA:28,0
DA:29,0
DA:30,0
LF:18
LH:0
end_of_record
SF:lib/src/domain/entities/organization_model.dart
DA:14,0
LF:1
LH:0
end_of_record
SF:lib/src/domain/entities/organization_model.g.dart
DA:9,0
DA:11,0
DA:12,0
DA:13,0
DA:16,0
DA:18,0
LF:6
LH:0
end_of_record
SF:lib/src/domain/entities/payment_model.dart
DA:11,0
DA:12,0
DA:14,0
DA:32,0
DA:49,0
DA:50,0
DA:51,0
DA:52,0
DA:53,0
DA:54,0
DA:55,0
DA:56,0
DA:57,0
DA:59,0
DA:61,0
DA:62,0
DA:63,0
DA:64,0
DA:66,0
DA:67,0
DA:70,0
DA:71,0
DA:72,0
DA:73,0
DA:74,0
DA:75,0
DA:76,0
DA:77,0
DA:79,0
DA:81,0
DA:82,0
DA:83,0
DA:84,0
DA:85,0
DA:86,0
DA:90,0
DA:91,0
DA:92,0
DA:93,0
DA:95,0
DA:96,0
DA:99,0
DA:101,0
DA:104,0
DA:105,0
DA:108,0
DA:109,0
LF:47
LH:0
end_of_record
SF:lib/src/domain/entities/place_autocomplete_model.dart
DA:16,0
DA:17,0
LF:2
LH:0
end_of_record
SF:lib/src/domain/entities/place_autocomplete_model.g.dart
DA:9,0
DA:11,0
DA:13,0
DA:14,0
DA:15,0
DA:18,0
DA:20,0
LF:7
LH:0
end_of_record
SF:lib/src/domain/entities/place_suggestion_model.dart
DA:17,0
DA:18,0
DA:28,0
DA:29,0
LF:4
LH:0
end_of_record
SF:lib/src/domain/entities/place_suggestion_model.g.dart
DA:9,0
DA:11,0
DA:12,0
DA:13,0
DA:14,0
DA:15,0
DA:16,0
DA:20,0
DA:22,0
DA:23,0
DA:24,0
DA:25,0
DA:26,0
DA:29,0
DA:31,0
DA:32,0
DA:33,0
DA:36,0
DA:38,0
DA:39,0
DA:40,0
LF:21
LH:0
end_of_record
SF:lib/src/domain/entities/place_location_model.dart
DA:15,0
DA:16,0
DA:20,3
DA:22,0
DA:24,0
DA:25,0
DA:31,0
DA:32,0
LF:8
LH:1
end_of_record
SF:lib/src/domain/entities/place_location_model.g.dart
DA:9,0
DA:11,0
DA:12,0
DA:13,0
DA:14,0
DA:17,0
DA:19,0
DA:20,0
DA:21,0
DA:22,0
LF:10
LH:0
end_of_record
SF:lib/src/domain/entities/policy_model.dart
DA:15,0
DA:16,0
LF:2
LH:0
end_of_record
SF:lib/src/domain/entities/policy_model.g.dart
DA:9,0
DA:10,0
DA:11,0
DA:12,0
DA:13,0
DA:16,0
DA:17,0
DA:18,0
DA:19,0
DA:20,0
LF:10
LH:0
end_of_record
SF:lib/src/domain/entities/quizc_data.dart
DA:7,0
DA:9,0
DA:57,0
DA:104,0
DA:105,0
DA:106,0
DA:107,0
DA:108,0
DA:109,0
DA:110,0
DA:111,0
DA:112,0
DA:113,0
DA:114,0
DA:115,0
DA:116,0
DA:117,0
DA:118,0
DA:119,0
DA:120,0
DA:121,0
DA:122,0
DA:123,0
DA:124,0
DA:125,0
DA:126,0
DA:127,0
DA:128,0
DA:129,0
DA:130,0
DA:131,0
DA:132,0
DA:133,0
DA:134,0
DA:135,0
DA:136,0
DA:137,0
DA:138,0
DA:139,0
DA:140,0
DA:141,0
DA:142,0
DA:143,0
DA:144,0
DA:145,0
DA:146,0
DA:147,0
DA:148,0
DA:151,0
DA:152,0
DA:153,0
DA:154,0
DA:155,0
DA:156,0
DA:157,0
DA:158,0
DA:159,0
DA:160,0
DA:161,0
DA:162,0
DA:163,0
DA:164,0
DA:165,0
DA:166,0
DA:167,0
DA:168,0
DA:169,0
DA:170,0
DA:171,0
DA:172,0
DA:173,0
DA:174,0
DA:175,0
DA:176,0
DA:177,0
DA:178,0
DA:179,0
DA:180,0
DA:181,0
DA:182,0
DA:183,0
DA:184,0
DA:185,0
DA:186,0
DA:187,0
DA:188,0
DA:189,0
DA:190,0
DA:191,0
DA:192,0
DA:193,0
DA:194,0
DA:195,0
LF:93
LH:0
end_of_record
SF:lib/src/domain/entities/rewards_model.dart
DA:14,0
DA:28,0
DA:44,0
DA:54,0
LF:4
LH:0
end_of_record
SF:lib/src/domain/entities/rewards_model.g.dart
DA:9,0
DA:10,0
DA:12,0
DA:13,0
DA:14,0
DA:16,0
DA:17,0
DA:18,0
DA:21,0
DA:22,0
DA:23,0
DA:24,0
DA:27,0
DA:28,0
DA:29,0
DA:30,0
DA:31,0
DA:32,0
DA:33,0
DA:34,0
DA:37,0
DA:38,0
DA:39,0
DA:40,0
DA:41,0
DA:42,0
DA:43,0
DA:44,0
DA:47,0
DA:48,0
DA:49,0
DA:50,0
DA:51,0
DA:52,0
DA:53,0
DA:54,0
DA:55,0
DA:57,0
DA:58,0
DA:59,0
DA:62,0
DA:63,0
DA:64,0
DA:65,0
DA:66,0
DA:67,0
DA:68,0
DA:69,0
DA:70,0
DA:71,0
DA:74,0
DA:75,0
DA:77,0
DA:78,0
LF:54
LH:0
end_of_record
SF:lib/src/domain/entities/service_model.dart
DA:16,0
DA:17,0
DA:19,0
DA:23,0
DA:31,0
DA:32,0
DA:33,0
DA:36,0
DA:37,0
DA:38,0
DA:41,0
DA:42,0
LF:12
LH:0
end_of_record
SF:lib/src/domain/entities/service_model.g.dart
DA:9,0
DA:10,0
DA:11,0
DA:12,0
DA:13,0
DA:16,0
DA:17,0
DA:18,0
DA:19,0
DA:20,0
LF:10
LH:0
end_of_record
SF:lib/src/domain/entities/slider_model.dart
DA:15,0
LF:1
LH:0
end_of_record
SF:lib/src/domain/entities/slider_model.g.dart
DA:9,0
DA:10,0
DA:11,0
DA:12,0
DA:13,0
DA:16,0
DA:17,0
DA:18,0
DA:19,0
DA:20,0
LF:10
LH:0
end_of_record
SF:lib/src/domain/entities/subjects_data.dart
DA:10,0
DA:12,0
DA:18,0
DA:23,0
DA:24,0
DA:25,0
DA:28,0
DA:29,0
DA:30,0
DA:57,0
DA:81,0
DA:82,0
DA:83,0
DA:84,0
DA:85,0
DA:86,0
DA:87,0
DA:88,0
DA:89,0
DA:90,0
DA:91,0
DA:92,0
DA:93,0
DA:94,0
DA:95,0
DA:96,0
DA:97,0
DA:98,0
DA:99,0
DA:100,0
DA:101,0
DA:102,0
DA:105,0
DA:106,0
DA:107,0
DA:108,0
DA:109,0
DA:110,0
DA:111,0
DA:112,0
DA:113,0
DA:114,0
DA:115,0
DA:116,0
DA:117,0
DA:118,0
DA:119,0
DA:120,0
DA:121,0
DA:122,0
DA:123,0
DA:124,0
DA:125,0
DA:126,0
DA:129,0
DA:134,0
DA:135,0
DA:136,0
DA:137,0
DA:138,0
DA:139,0
DA:140,0
DA:141,0
DA:142,0
DA:143,0
DA:144,0
DA:145,0
DA:146,0
DA:147,0
DA:148,0
DA:149,0
DA:150,0
DA:151,0
DA:152,0
DA:153,0
DA:154,0
DA:157,0
DA:159,0
DA:160,0
DA:161,0
DA:162,0
DA:163,0
DA:164,0
DA:165,0
DA:166,0
DA:167,0
DA:168,0
DA:169,0
DA:170,0
DA:171,0
DA:172,0
DA:173,0
DA:174,0
DA:175,0
DA:176,0
DA:177,0
DA:178,0
DA:179,0
LF:98
LH:0
end_of_record
SF:lib/src/domain/entities/trip_details_res_model.dart
DA:21,0
DA:23,0
DA:27,0
DA:55,0
DA:57,0
DA:58,0
DA:59,0
DA:60,0
DA:61,0
DA:62,0
DA:63,0
DA:64,0
DA:65,0
DA:66,0
DA:67,0
DA:68,0
DA:69,0
DA:70,0
DA:71,0
DA:73,0
DA:77,0
DA:78,0
DA:80,0
DA:85,0
DA:92,0
DA:94,0
DA:95,0
DA:96,0
DA:97,0
DA:98,0
DA:112,0
LF:31
LH:0
end_of_record
SF:lib/src/domain/entities/trip_details_res_model.g.dart
DA:9,0
DA:11,0
DA:12,0
DA:13,0
DA:14,0
DA:16,0
DA:18,0
DA:20,0
DA:22,0
DA:23,0
DA:25,0
DA:27,0
DA:29,0
DA:31,0
DA:33,0
DA:35,0
DA:37,0
DA:39,0
DA:41,0
DA:42,0
DA:43,0
DA:44,0
DA:45,0
DA:46,0
DA:47,0
DA:48,0
DA:49,0
DA:50,0
DA:51,0
DA:52,0
DA:53,0
DA:54,0
DA:56,0
DA:57,0
DA:58,0
DA:61,0
DA:63,0
DA:64,0
DA:65,0
DA:66,0
DA:67,0
DA:68,0
DA:69,0
DA:70,0
DA:71,0
DA:72,0
DA:73,0
DA:74,0
DA:75,0
DA:76,0
DA:77,0
DA:78,0
DA:79,0
DA:80,0
DA:81,0
DA:82,0
DA:83,0
DA:84,0
DA:85,0
DA:86,0
DA:87,0
DA:90,0
DA:91,0
DA:92,0
DA:93,0
DA:94,0
DA:97,0
DA:98,0
DA:99,0
DA:100,0
DA:101,0
DA:104,0
DA:105,0
DA:106,0
DA:107,0
DA:108,0
DA:111,0
DA:112,0
DA:113,0
DA:114,0
DA:115,0
LF:81
LH:0
end_of_record
SF:lib/src/domain/entities/unit_data.dart
DA:7,0
DA:9,0
DA:23,0
DA:36,0
DA:37,0
DA:38,0
DA:39,0
DA:40,0
DA:41,0
DA:42,0
DA:43,0
DA:44,0
DA:45,0
DA:46,0
DA:49,0
DA:50,0
DA:51,0
DA:52,0
DA:53,0
DA:54,0
DA:55,0
DA:56,0
DA:57,0
DA:58,0
DA:59,0
DA:88,0
DA:114,0
DA:115,0
DA:116,0
DA:117,0
DA:118,0
DA:119,0
DA:120,0
DA:121,0
DA:122,0
DA:123,0
DA:124,0
DA:125,0
DA:126,0
DA:127,0
DA:128,0
DA:129,0
DA:130,0
DA:131,0
DA:132,0
DA:133,0
DA:134,0
DA:135,0
DA:136,0
DA:137,0
DA:140,0
DA:141,0
DA:142,0
DA:143,0
DA:144,0
DA:145,0
DA:146,0
DA:147,0
DA:148,0
DA:149,0
DA:150,0
DA:151,0
DA:152,0
DA:153,0
DA:154,0
DA:155,0
DA:156,0
DA:157,0
DA:158,0
DA:159,0
DA:160,0
DA:161,0
DA:162,0
DA:163,0
LF:74
LH:0
end_of_record
SF:lib/src/domain/entities/user_dash_model.dart
DA:7,0
DA:9,0
DA:41,0
DA:72,0
DA:73,0
DA:74,0
DA:75,0
DA:76,0
DA:77,0
DA:78,0
DA:79,0
DA:80,0
DA:81,0
DA:82,0
DA:83,0
DA:84,0
DA:85,0
DA:86,0
DA:87,0
DA:88,0
DA:89,0
DA:90,0
DA:91,0
DA:92,0
DA:93,0
DA:94,0
DA:95,0
DA:96,0
DA:97,0
DA:98,0
DA:99,0
DA:100,0
DA:103,0
DA:104,0
DA:105,0
DA:106,0
DA:107,0
DA:108,0
DA:109,0
DA:110,0
DA:111,0
DA:112,0
DA:113,0
DA:114,0
DA:115,0
DA:116,0
DA:117,0
DA:118,0
DA:119,0
DA:120,0
DA:121,0
DA:122,0
DA:123,0
DA:124,0
DA:125,0
DA:126,0
DA:127,0
DA:128,0
DA:129,0
DA:130,0
DA:131,0
DA:144,0
DA:154,0
DA:155,0
DA:156,0
DA:157,0
DA:158,0
DA:159,0
DA:160,0
DA:161,0
DA:164,0
DA:165,0
DA:166,0
DA:167,0
DA:168,0
DA:169,0
DA:170,0
DA:171,0
DA:179,0
DA:184,0
DA:185,0
DA:186,0
DA:189,0
DA:190,0
DA:191,0
DA:202,0
DA:210,0
DA:211,0
DA:212,0
DA:213,0
DA:214,0
DA:215,0
DA:218,0
DA:219,0
DA:220,0
DA:221,0
DA:222,0
DA:223,0
DA:233,0
DA:240,0
DA:241,0
DA:242,0
DA:243,0
DA:244,0
DA:247,0
DA:248,0
DA:249,0
DA:250,0
DA:251,0
DA:260,0
DA:266,0
DA:267,0
DA:268,0
DA:269,0
DA:272,0
DA:273,0
DA:274,0
DA:275,0
DA:283,0
DA:288,0
DA:289,0
DA:290,0
DA:293,0
DA:294,0
DA:295,0
LF:125
LH:0
end_of_record
SF:lib/src/domain/entities/user_reg_model.dart
DA:7,0
DA:9,0
DA:40,0
DA:70,0
DA:71,0
DA:72,0
DA:73,0
DA:74,0
DA:75,0
DA:76,0
DA:77,0
DA:78,0
DA:79,0
DA:80,0
DA:81,0
DA:82,0
DA:83,0
DA:84,0
DA:85,0
DA:86,0
DA:87,0
DA:88,0
DA:89,0
DA:90,0
DA:91,0
DA:92,0
DA:93,0
DA:94,0
DA:95,0
DA:96,0
DA:97,0
DA:100,0
DA:101,0
DA:102,0
DA:103,0
DA:104,0
DA:105,0
DA:106,0
DA:107,0
DA:108,0
DA:109,0
DA:110,0
DA:111,0
DA:112,0
DA:113,0
DA:114,0
DA:115,0
DA:116,0
DA:117,0
DA:118,0
DA:119,0
DA:120,0
DA:121,0
DA:122,0
DA:123,0
DA:124,0
DA:125,0
DA:126,0
DA:127,0
DA:138,0
DA:146,0
DA:147,0
DA:148,0
DA:149,0
DA:150,0
DA:151,0
DA:154,0
DA:155,0
DA:156,0
DA:157,0
DA:158,0
DA:159,0
DA:167,0
DA:172,0
DA:173,0
DA:174,0
DA:177,0
DA:178,0
DA:179,0
DA:190,0
DA:198,0
DA:199,0
DA:200,0
DA:201,0
DA:202,0
DA:203,0
DA:206,0
DA:207,0
DA:208,0
DA:209,0
DA:210,0
DA:211,0
DA:221,0
DA:228,0
DA:229,0
DA:230,0
DA:231,0
DA:232,0
DA:235,0
DA:236,0
DA:237,0
DA:238,0
DA:239,0
DA:247,0
DA:252,0
DA:253,0
DA:254,0
DA:257,0
DA:258,0
DA:259,0
LF:110
LH:0
end_of_record
SF:lib/src/domain/entities/vehicle_model.dart
DA:7,0
DA:8,0
DA:10,0
DA:56,0
DA:101,0
DA:102,0
DA:103,0
DA:104,0
DA:105,0
DA:106,0
DA:107,0
DA:108,0
DA:109,0
DA:110,0
DA:111,0
DA:112,0
DA:113,0
DA:114,0
DA:115,0
DA:116,0
DA:117,0
DA:118,0
DA:119,0
DA:120,0
DA:121,0
DA:122,0
DA:123,0
DA:124,0
DA:125,0
DA:126,0
DA:127,0
DA:128,0
DA:129,0
DA:130,0
DA:131,0
DA:132,0
DA:134,0
DA:135,0
DA:136,0
DA:137,0
DA:138,0
DA:139,0
DA:141,0
DA:142,0
DA:143,0
DA:144,0
DA:145,0
DA:146,0
DA:147,0
DA:148,0
DA:149,0
DA:150,0
DA:151,0
DA:152,0
DA:153,0
DA:154,0
DA:155,0
DA:157,0
DA:160,0
DA:161,0
DA:162,0
DA:163,0
DA:164,0
DA:165,0
DA:166,0
DA:167,0
DA:168,0
DA:169,0
DA:170,0
DA:171,0
DA:172,0
DA:173,0
DA:174,0
DA:175,0
DA:176,0
DA:177,0
DA:178,0
DA:179,0
DA:180,0
DA:181,0
DA:182,0
DA:183,0
DA:184,0
DA:185,0
DA:186,0
DA:187,0
DA:188,0
DA:189,0
DA:190,0
DA:192,0
DA:193,0
DA:194,0
DA:195,0
DA:196,0
DA:198,0
DA:199,0
DA:200,0
DA:201,0
DA:202,0
DA:203,0
DA:204,0
DA:205,0
DA:206,0
DA:207,0
DA:208,0
DA:209,0
DA:210,0
DA:211,0
DA:212,0
LF:109
LH:0
end_of_record
SF:lib/src/domain/repositories/model_type.dart
DA:68,0
DA:70,0
DA:72,0
DA:73,0
DA:75,0
DA:78,0
DA:85,0
DA:87,0
DA:91,0
DA:93,0
DA:95,0
DA:97,0
DA:99,0
DA:101,0
DA:103,0
DA:105,0
DA:107,0
DA:109,0
DA:111,0
DA:113,0
DA:115,0
DA:117,0
DA:119,0
DA:121,0
DA:123,0
DA:125,0
DA:127,0
DA:129,0
DA:131,0
DA:133,0
DA:135,0
DA:138,0
DA:141,0
DA:144,0
DA:147,0
DA:150,0
DA:153,0
DA:156,0
DA:159,0
DA:162,0
DA:165,0
DA:168,0
DA:171,0
DA:174,0
DA:177,0
DA:180,0
DA:184,0
DA:187,0
DA:190,0
LF:49
LH:0
end_of_record
SF:lib/src/domain/use_cases/remote/auth_user_use_case.dart
DA:16,0
DA:18,0
DA:22,0
DA:28,0
DA:29,0
DA:30,0
DA:31,0
DA:32,0
DA:33,0
DA:35,0
LF:10
LH:0
end_of_record
SF:lib/src/domain/use_cases/remote/parsing_power.dart
DA:6,0
DA:7,0
DA:26,0
DA:28,0
DA:30,0
DA:32,0
DA:34,0
DA:37,0
DA:39,0
DA:41,0
DA:42,0
LF:11
LH:0
end_of_record
SF:lib/src/domain/use_cases/remote/deferent_api_use_case.dart
DA:16,0
DA:18,0
DA:21,0
DA:22,0
DA:23,0
DA:24,0
DA:25,0
DA:26,0
DA:27,0
DA:28,0
DA:29,0
DA:30,0
DA:31,0
DA:33,0
DA:36,0
DA:43,0
DA:44,0
DA:45,0
DA:46,0
DA:47,0
DA:48,0
DA:52,0
DA:58,0
DA:59,0
DA:60,0
DA:61,0
DA:62,0
DA:63,0
DA:64,0
DA:66,0
LF:30
LH:0
end_of_record
SF:lib/src/domain/use_cases/remote/get_general_data_use_case.dart
DA:19,0
DA:21,0
DA:24,0
DA:29,0
DA:31,0
DA:32,0
DA:33,0
DA:35,0
DA:36,0
DA:37,0
DA:39,0
DA:41,0
DA:43,0
LF:13
LH:0
end_of_record
SF:lib/src/domain/use_cases/remote/get_index_data_use_case.dart
DA:19,0
DA:21,0
DA:24,0
DA:34,0
DA:35,0
DA:45,0
DA:46,0
DA:47,0
DA:49,0
DA:50,0
DA:51,0
DA:53,0
DA:55,0
DA:57,0
LF:14
LH:0
end_of_record
SF:lib/src/domain/use_cases/remote/get_list_data_use_case.dart
DA:19,0
DA:21,0
DA:24,0
DA:35,0
DA:36,0
DA:42,0
DA:43,0
DA:44,0
DA:46,0
DA:47,0
DA:48,0
DA:50,0
DA:52,0
DA:54,0
LF:14
LH:0
end_of_record
SF:lib/src/domain/use_cases/remote/store_use_case.dart
DA:19,0
DA:21,0
DA:25,0
DA:30,0
DA:35,0
DA:36,0
DA:37,0
DA:38,0
DA:39,0
DA:40,0
DA:41,0
DA:43,0
DA:44,0
LF:13
LH:0
end_of_record
SF:lib/src/presentation/view/common/assistance_pagination.dart
DA:17,0
DA:21,0
DA:22,0
DA:23,0
DA:24,0
DA:25,0
DA:26,0
DA:27,0
DA:29,0
DA:30,0
DA:31,0
DA:36,0
DA:37,0
DA:39,0
DA:41,0
DA:42,0
DA:43,0
DA:44,0
DA:51,0
DA:52,0
DA:53,0
DA:56,0
LF:22
LH:0
end_of_record
SF:lib/src/presentation/view/common/custom_error_widget.dart
DA:20,0
DA:30,0
DA:37,0
DA:38,0
DA:39,0
DA:46,0
DA:48,0
DA:49,0
DA:51,0
DA:52,0
DA:53,0
DA:54,0
DA:59,0
DA:61,0
DA:62,0
DA:63,0
DA:66,0
DA:67,0
DA:68,0
DA:69,0
DA:70,0
LF:21
LH:0
end_of_record
SF:lib/src/presentation/view/common/image_widget.dart
DA:44,0
DA:64,0
DA:66,0
DA:67,0
DA:68,0
DA:69,0
DA:70,0
DA:71,0
DA:72,0
DA:73,0
DA:74,0
DA:75,0
DA:76,0
DA:78,0
DA:79,0
DA:80,0
DA:81,0
DA:82,0
DA:83,0
DA:84,0
DA:85,0
DA:86,0
DA:87,0
DA:88,0
DA:89,0
DA:92,0
DA:93,0
DA:94,0
DA:95,0
DA:96,0
DA:97,0
DA:98,0
DA:99,0
DA:100,0
DA:101,0
DA:102,0
DA:103,0
DA:109,0
DA:111,0
DA:113,0
DA:114,0
DA:116,0
DA:118,0
DA:119,0
DA:120,0
DA:121,0
DA:122,0
DA:127,0
DA:128,0
DA:129,0
DA:130,0
DA:134,0
DA:135,0
DA:139,0
DA:142,0
DA:146,0
DA:147,0
DA:149,0
DA:150,0
DA:151,0
DA:152,0
DA:157,0
DA:158,0
DA:159,0
DA:160,0
DA:161,0
DA:162,0
DA:163,0
DA:168,0
DA:169,0
DA:187,0
DA:201,0
DA:203,0
DA:204,0
DA:205,0
DA:206,0
DA:207,0
DA:208,0
DA:209,0
DA:211,0
DA:212,0
DA:213,0
DA:214,0
DA:215,0
DA:216,0
DA:217,0
DA:219,0
DA:220,0
DA:221,0
DA:222,0
DA:223,0
DA:224,0
DA:225,0
DA:226,0
DA:228,0
DA:229,0
DA:231,0
DA:233,0
DA:234,0
DA:235,0
DA:236,0
DA:237,0
DA:238,0
DA:239,0
DA:240,0
DA:241,0
DA:242,0
DA:243,0
DA:246,0
DA:247,0
DA:249,0
DA:250,0
DA:251,0
DA:252,0
DA:253,0
DA:254,0
DA:255,0
DA:256,0
DA:258,0
DA:259,0
DA:260,0
DA:261,0
DA:262,0
DA:271,0
DA:285,0
DA:287,0
DA:288,0
DA:289,0
DA:290,0
DA:291,0
DA:292,0
DA:299,0
DA:315,0
DA:317,0
DA:318,0
DA:319,0
DA:320,0
DA:321,0
DA:322,0
DA:323,0
DA:327,0
DA:328,0
DA:329,0
DA:330,0
DA:334,0
DA:335,0
DA:336,0
DA:337,0
DA:339,0
DA:342,0
DA:354,0
DA:363,0
DA:365,0
DA:366,0
DA:367,0
DA:369,0
DA:370,0
DA:371,0
DA:372,0
DA:373,0
DA:376,0
DA:377,0
DA:378,0
DA:379,0
DA:380,0
DA:383,0
DA:384,0
DA:385,0
DA:394,0
DA:395,0
DA:396,0
DA:397,0
DA:399,0
DA:402,0
DA:407,0
DA:430,0
DA:432,0
DA:434,0
DA:435,0
DA:436,0
DA:437,0
DA:438,0
DA:439,0
DA:440,0
DA:442,0
DA:443,0
DA:444,0
DA:450,0
DA:451,0
DA:452,0
DA:453,0
DA:454,0
DA:456,0
DA:465,0
DA:473,0
DA:474,0
DA:475,0
DA:483,0
DA:484,0
DA:485,0
DA:486,0
DA:488,0
DA:491,0
DA:496,0
DA:510,0
DA:512,0
DA:513,0
DA:514,0
DA:515,0
DA:516,0
DA:517,0
LF:211
LH:0
end_of_record
SF:lib/src/presentation/view/common/text_widget.dart
DA:26,0
DA:42,0
DA:44,0
DA:45,0
DA:46,0
DA:47,0
DA:49,0
DA:50,0
DA:51,0
DA:52,0
DA:53,0
DA:60,0
DA:61,0
DA:63,0
DA:64,0
DA:69,0
DA:70,0
DA:72,0
DA:73,0
DA:77,0
DA:78,0
DA:79,0
DA:80,0
DA:81,0
DA:82,0
DA:84,0
DA:85,0
DA:87,0
DA:97,0
DA:98,0
DA:99,0
DA:100,0
LF:32
LH:0
end_of_record
SF:lib/src/presentation/view/common/buttons/button_widget.dart
DA:41,0
DA:60,0
DA:61,0
DA:63,0
DA:65,0
DA:66,0
DA:67,0
DA:68,0
DA:69,0
DA:70,0
DA:71,0
DA:74,0
DA:75,0
DA:76,0
DA:77,0
DA:78,0
DA:79,0
DA:80,0
DA:81,0
DA:82,0
DA:84,0
DA:85,0
DA:86,0
DA:87,0
DA:88,0
DA:89,0
DA:90,0
DA:93,0
DA:94,0
DA:95,0
DA:96,0
DA:97,0
DA:98,0
DA:99,0
DA:100,0
DA:102,0
DA:103,0
DA:104,0
DA:105,0
DA:106,0
DA:108,0
DA:109,0
DA:110,0
DA:111,0
DA:114,0
DA:115,0
DA:116,0
DA:117,0
DA:119,0
DA:120,0
DA:121,0
DA:122,0
DA:123,0
DA:124,0
DA:127,0
DA:128,0
DA:129,0
DA:130,0
DA:131,0
DA:132,0
DA:133,0
DA:134,0
DA:136,0
DA:137,0
DA:138,0
DA:139,0
DA:140,0
DA:143,0
DA:144,0
DA:145,0
DA:146,0
DA:147,0
DA:148,0
LF:73
LH:0
end_of_record
SF:lib/src/presentation/view/common/buttons/download_button.dart
DA:30,0
DA:42,0
DA:44,0
DA:46,0
DA:47,0
DA:48,0
DA:49,0
DA:50,0
DA:51,0
DA:52,0
DA:53,0
DA:54,0
DA:55,0
DA:58,0
DA:61,0
DA:62,0
DA:63,0
DA:64,0
DA:65,0
DA:66,0
DA:67,0
DA:68,0
DA:69,0
DA:70,0
DA:73,0
DA:74,0
DA:75,0
DA:76,0
DA:77,0
DA:111,0
DA:112,0
DA:113,0
DA:118,0
DA:119,0
DA:120,0
DA:123,0
DA:125,0
DA:126,0
DA:127,0
DA:128,0
DA:130,0
DA:132,0
DA:133,0
DA:134,0
DA:135,0
DA:137,0
DA:143,0
DA:144,0
DA:145,0
DA:146,0
DA:147,0
DA:148,0
DA:150,0
DA:151,0
DA:152,0
DA:153,0
DA:155,0
DA:156,0
DA:157,0
LF:59
LH:0
end_of_record
SF:lib/src/presentation/view/common/buttons/only_icon_button.dart
DA:17,0
DA:28,0
DA:30,0
DA:31,0
DA:32,0
DA:33,0
DA:34,0
DA:35,0
DA:36,0
DA:37,0
DA:38,0
DA:39,0
DA:41,0
LF:13
LH:0
end_of_record
SF:lib/src/presentation/view/common/buttons/outline_button.dart
DA:22,0
DA:35,0
DA:37,0
DA:39,0
DA:40,0
DA:41,0
DA:42,0
DA:43,0
DA:44,0
DA:45,0
DA:46,0
DA:47,0
DA:48,0
DA:49,0
DA:52,0
DA:55,0
LF:16
LH:0
end_of_record
SF:lib/src/presentation/view/common/buttons/solid_button.dart
DA:23,0
DA:36,0
DA:38,0
DA:40,0
DA:41,0
DA:42,0
DA:43,0
DA:44,0
DA:45,0
DA:46,0
DA:47,0
DA:49,0
DA:50,0
DA:52,0
DA:53,0
DA:55,0
DA:56,0
DA:57,0
DA:58,0
LF:19
LH:0
end_of_record
SF:lib/src/presentation/view/common/buttons/text_icon_button.dart
DA:22,0
DA:36,0
DA:38,0
DA:39,0
DA:40,0
DA:41,0
DA:42,0
DA:43,0
DA:44,0
DA:45,0
DA:46,0
DA:48,0
DA:51,0
DA:52,0
DA:53,0
DA:54,0
LF:16
LH:0
end_of_record
SF:lib/src/presentation/view_model/blocs/auth_bloc/auth_bloc.dart
DA:24,0
DA:25,0
DA:26,0
DA:27,0
DA:28,0
DA:29,0
DA:30,0
DA:31,0
DA:32,0
DA:33,0
DA:36,0
DA:37,0
DA:38,0
DA:39,0
DA:41,0
DA:43,0
DA:45,0
DA:46,0
DA:47,0
DA:48,0
DA:51,0
DA:52,0
DA:54,0
DA:55,0
DA:57,0
DA:58,0
DA:60,0
DA:63,0
DA:64,0
DA:65,0
DA:71,0
DA:75,0
DA:76,0
LF:33
LH:0
end_of_record
SF:lib/src/presentation/view/common/image_slider.dart
DA:23,0
DA:32,0
DA:33,0
DA:38,0
DA:40,0
DA:41,0
DA:44,0
DA:46,0
DA:47,0
DA:50,0
DA:52,0
DA:54,0
DA:56,0
DA:57,0
DA:58,0
DA:60,0
DA:61,0
DA:62,0
DA:63,0
DA:64,0
DA:65,0
DA:66,0
DA:67,0
DA:68,0
DA:69,0
DA:73,0
DA:77,0
DA:78,0
DA:79,0
DA:80,0
DA:81,0
DA:82,0
DA:83,0
DA:84,0
DA:90,0
LF:35
LH:0
end_of_record
SF:lib/src/presentation/view/common/ticker_widget.dart
DA:12,0
DA:19,0
DA:21,0
DA:22,0
DA:23,0
DA:24,0
DA:27,0
LF:7
LH:0
end_of_record
SF:lib/src/presentation/view/pages/app_business/models/user_selections_model.dart
DA:14,1
DA:23,0
DA:30,0
DA:40,0
DA:52,0
DA:56,0
DA:60,0
DA:62,0
DA:66,0
DA:70,0
DA:75,0
DA:76,0
DA:77,0
DA:78,0
DA:79,0
DA:80,0
DA:84,0
DA:85,0
DA:89,0
DA:90,0
DA:93,0
DA:94,0
DA:95,0
DA:96,0
DA:97,0
DA:98,0
DA:101,0
DA:105,0
DA:106,0
DA:108,0
DA:109,0
DA:111,0
DA:112,0
DA:114,0
DA:115,0
DA:117,0
DA:118,0
DA:120,0
DA:121,0
DA:128,0
DA:131,0
DA:132,0
DA:133,0
DA:134,0
DA:135,0
DA:136,0
DA:137,0
DA:138,0
DA:143,0
DA:148,0
DA:149,0
DA:150,0
DA:151,0
DA:152,0
DA:155,0
DA:157,0
DA:158,0
DA:159,0
DA:160,0
DA:161,0
DA:164,0
DA:166,0
DA:167,0
DA:168,0
DA:169,0
DA:170,0
DA:171,0
DA:172,0
DA:173,0
LF:69
LH:1
end_of_record
SF:lib/src/presentation/view_model/blocs/assistance/base_bloc_helper.dart
DA:62,0
DA:64,0
DA:68,0
DA:72,0
DA:73,0
DA:74,0
DA:75,0
DA:76,0
DA:78,0
DA:79,0
DA:81,0
DA:83,0
DA:88,0
DA:92,0
DA:93,0
DA:94,0
DA:95,0
DA:96,0
DA:100,0
DA:101,0
DA:102,0
DA:105,0
DA:108,0
DA:109,0
DA:110,0
DA:111,0
DA:113,0
DA:114,0
DA:117,0
DA:118,0
DA:119,0
DA:120,0
DA:121,0
DA:127,0
DA:128,0
DA:129,0
DA:131,0
DA:135,0
DA:148,0
DA:149,0
DA:158,0
DA:159,0
DA:160,0
DA:161,0
DA:162,0
DA:166,0
DA:167,0
DA:168,0
DA:169,0
DA:170,0
DA:171,0
DA:172,0
DA:173,0
DA:177,0
DA:178,0
DA:184,0
DA:185,0
DA:186,0
DA:187,0
DA:188,0
DA:189,0
DA:190,0
DA:191,0
DA:192,0
DA:194,0
DA:200,0
DA:201,0
DA:202,0
DA:203,0
DA:204,0
DA:207,0
DA:209,0
DA:211,0
DA:212,0
DA:213,0
DA:214,0
DA:215,0
DA:216,0
DA:217,0
DA:219,0
DA:220,0
DA:222,0
LF:82
LH:0
end_of_record
SF:lib/src/presentation/view_model/blocs/assistance/bloc_progress_model.dart
DA:14,0
DA:23,0
DA:25,0
DA:28,0
DA:36,0
DA:37,0
DA:38,0
DA:39,0
DA:40,0
DA:41,0
DA:42,0
LF:11
LH:0
end_of_record
